<?xml version="1.0" encoding="UTF-8"?>
<testsuite xmlns:xsi="http://www.w3.org/2001/XMLSchema-instance" xsi:noNamespaceSchemaLocation="https://maven.apache.org/surefire/maven-surefire-plugin/xsd/surefire-test-report.xsd" version="3.0.2" name="com.example.management.AuthenticationTest" time="1.115" tests="10" errors="0" skipped="0" failures="0">
  <properties>
[...]
</properties>
  <testcase name="registerNewUser" classname="com.example.management.AuthenticationTest" time="0.098">
    <system-out><![CDATA[2026-05-12T17:07:32.871+07:00  INFO 13128 --- [user-management-test] [           main] t.c.s.AnnotationConfigContextLoaderUtils : Could not detect default configuration classes for test class [com.example.management.AuthenticationTest]: AuthenticationTest does not declare any static, non-private, non-final, nested classes annotated with @Configuration.
2026-05-12T17:07:32.873+07:00  INFO 13128 --- [user-management-test] [           main] .b.t.c.SpringBootTestContextBootstrapper : Found @SpringBootConfiguration com.example.management.Application for test class com.example.management.AuthenticationTest
2026-05-12T17:07:32.878+07:00  INFO 13128 --- [user-management-test] [           main] o.s.b.d.r.RestartApplicationListener     : Restart disabled due to context in which it is running

  .   ____          _            __ _ _
 /\\ / ___'_ __ _ _(_)_ __  __ _ \ \ \ \
( ( )\___ | '_ | '_| | '_ \/ _` | \ \ \ \
 \\/  ___)| |_)| | | | | || (_| |  ) ) ) )
  '  |____| .__|_| |_|_| |_\__, | / / / /
 =========|_|==============|___/=/_/_/_/

 :: Spring Boot ::                (v3.5.6)

2026-05-12T17:07:32.893+07:00  INFO 13128 --- [user-management-test] [           main] c.example.management.AuthenticationTest  : Starting AuthenticationTest using Java 17.0.19 with PID 13128 (started by kimtx in C:\Users\kimtx\CursorAIProjects\BMAD_PROJECT_INTEGRATION\user-mgmt)
2026-05-12T17:07:32.893+07:00  INFO 13128 --- [user-management-test] [           main] c.example.management.AuthenticationTest  : No active profile set, falling back to 1 default profile: "default"
2026-05-12T17:07:32.893+07:00 DEBUG 13128 --- [user-management-test] [           main] o.s.w.c.s.GenericWebApplicationContext   : Refreshing org.springframework.web.context.support.GenericWebApplicationContext@1b53e6fc
2026-05-12T17:07:33.101+07:00 DEBUG 13128 --- [user-management-test] [           main] o.s.jdbc.datasource.DataSourceUtils      : Fetching JDBC Connection from DataSource
2026-05-12T17:07:33.101+07:00  INFO 13128 --- [user-management-test] [           main] com.zaxxer.hikari.HikariDataSource       : HikariPool-3 - Starting...
2026-05-12T17:07:33.102+07:00  INFO 13128 --- [user-management-test] [           main] com.zaxxer.hikari.pool.HikariPool        : HikariPool-3 - Added connection conn19: url=jdbc:h2:mem:userdb user=SA
2026-05-12T17:07:33.102+07:00  INFO 13128 --- [user-management-test] [           main] com.zaxxer.hikari.HikariDataSource       : HikariPool-3 - Start completed.
2026-05-12T17:07:33.102+07:00 DEBUG 13128 --- [user-management-test] [           main] o.s.jdbc.datasource.init.ScriptUtils     : Executing SQL script from file [C:\Users\kimtx\CursorAIProjects\BMAD_PROJECT_INTEGRATION\user-mgmt\target\classes\schema.sql]
2026-05-12T17:07:33.105+07:00 DEBUG 13128 --- [user-management-test] [           main] o.s.jdbc.datasource.init.ScriptUtils     : 0 returned as update count for SQL: DROP TABLE IF EXISTS USER_TABLE, TOKEN_TABLE
2026-05-12T17:07:33.105+07:00 DEBUG 13128 --- [user-management-test] [           main] o.s.jdbc.datasource.init.ScriptUtils     : 0 returned as update count for SQL: CREATE TABLE USER_TABLE( id INT NOT NULL AUTO_INCREMENT, name VARCHAR(100) NOT NULL, username VARCHAR(100) NOT NULL, password VARCHAR(100) NOT NULL, roles VARCHAR NOT NULL, PRIMARY KEY (id) )
2026-05-12T17:07:33.105+07:00 DEBUG 13128 --- [user-management-test] [           main] o.s.jdbc.datasource.init.ScriptUtils     : 0 returned as update count for SQL: CREATE TABLE TOKEN_TABLE( id INT NOT NULL AUTO_INCREMENT, user_id INT NOT NULL, token LONGVARCHAR NOT NULL, is_logged_out BOOLEAN DEFAULT FALSE )
2026-05-12T17:07:33.105+07:00 DEBUG 13128 --- [user-management-test] [           main] o.s.jdbc.datasource.init.ScriptUtils     : 3 returned as update count for SQL: INSERT INTO USER_TABLE (name, username, roles, password) VALUES ('Alice', 'alice@mail.co','ROLE_ADMIN', '$2a$10$Qldj64zlh4eDNm7oGfwmWOkoevSo.Uv1LjXao/Rwsc2jGwjIXKRii'), ('Bob', 'bob@mail.co','ROLE_USER', '$2a$10$Qldj64zlh4eDNm7oGfwmWOkoevSo.Uv1LjXao/Rwsc2jGwjIXKRii'), ('John', 'John.Doe@mail.co','ROLE_USER', '$2a$10$Qldj64zlh4eDNm7oGfwmWOkoevSo.Uv1LjXao/Rwsc2jGwjIXKRii')
2026-05-12T17:07:33.105+07:00 DEBUG 13128 --- [user-management-test] [           main] o.s.jdbc.datasource.init.ScriptUtils     : Executed SQL script from file [C:\Users\kimtx\CursorAIProjects\BMAD_PROJECT_INTEGRATION\user-mgmt\target\classes\schema.sql] in 3 ms.
2026-05-12T17:07:33.150+07:00 DEBUG 13128 --- [user-management-test] [           main] .m.m.a.ExceptionHandlerExceptionResolver : ControllerAdvice beans: 1 @ExceptionHandler, 1 ResponseBodyAdvice
2026-05-12T17:07:33.153+07:00  INFO 13128 --- [user-management-test] [           main] eAuthenticationProviderManagerConfigurer : Global AuthenticationManager configured with AuthenticationProvider bean with name authenticationProvider
2026-05-12T17:07:33.154+07:00  WARN 13128 --- [user-management-test] [           main] r$InitializeUserDetailsManagerConfigurer : Global AuthenticationManager configured with an AuthenticationProvider bean. UserDetailsService beans will not be used by Spring Security for automatically configuring username/password login. Consider removing the AuthenticationProvider bean. Alternatively, consider using the UserDetailsService in a manually instantiated DaoAuthenticationProvider. If the current configuration is intentional, to turn off this warning, increase the logging level of 'org.springframework.security.config.annotation.authentication.configuration.InitializeUserDetailsBeanManagerConfigurer' to ERROR
2026-05-12T17:07:33.161+07:00  INFO 13128 --- [user-management-test] [           main] o.s.b.a.w.s.WelcomePageHandlerMapping    : Adding welcome page: class path resource [static/index.html]
2026-05-12T17:07:33.172+07:00 DEBUG 13128 --- [user-management-test] [           main] s.w.s.m.m.a.RequestMappingHandlerMapping : 14 mappings in 'requestMappingHandlerMapping'
2026-05-12T17:07:33.176+07:00 DEBUG 13128 --- [user-management-test] [           main] o.s.w.s.handler.SimpleUrlHandlerMapping  : Patterns [/webjars/**, /**] in 'resourceHandlerMapping'
2026-05-12T17:07:33.183+07:00  WARN 13128 --- [user-management-test] [           main] thorizationManagerRequestMatcherRegistry : One of the patterns in [api/v1/auth/logout, /home] is missing a leading slash. This is discouraged; please include the leading slash in all your request matcher patterns. In future versions of Spring Security, leaving out the leading slash will result in an exception.
2026-05-12T17:07:33.189+07:00 DEBUG 13128 --- [user-management-test] [           main] o.s.s.web.DefaultSecurityFilterChain     : Will secure any request with filters: DisableEncodeUrlFilter, WebAsyncManagerIntegrationFilter, SecurityContextHolderFilter, HeaderWriterFilter, LogoutFilter, JwtAuthFilter, JsonUsernamePasswordAuthFilter, UsernamePasswordAuthenticationFilter, RequestCacheAwareFilter, SecurityContextHolderAwareRequestFilter, AnonymousAuthenticationFilter, SessionManagementFilter, ExceptionTranslationFilter, AuthorizationFilter
2026-05-12T17:07:33.213+07:00 DEBUG 13128 --- [user-management-test] [           main] s.w.s.m.m.a.RequestMappingHandlerAdapter : ControllerAdvice beans: 0 @ModelAttribute, 0 @InitBinder, 1 RequestBodyAdvice, 1 ResponseBodyAdvice
2026-05-12T17:07:33.237+07:00  INFO 13128 --- [user-management-test] [           main] o.s.b.t.m.w.SpringBootMockServletContext : Initializing Spring TestDispatcherServlet ''
2026-05-12T17:07:33.238+07:00  INFO 13128 --- [user-management-test] [           main] o.s.t.web.servlet.TestDispatcherServlet  : Initializing Servlet ''
2026-05-12T17:07:33.238+07:00  INFO 13128 --- [user-management-test] [           main] o.s.t.web.servlet.TestDispatcherServlet  : Completed initialization in 0 ms
2026-05-12T17:07:33.243+07:00  INFO 13128 --- [user-management-test] [           main] c.example.management.AuthenticationTest  : Started AuthenticationTest in 0.365 seconds (process running for 6.026)
2026-05-12T17:07:33.243+07:00 DEBUG 13128 --- [user-management-test] [           main] o.s.security.web.FilterChainProxy        : Securing POST /api/v1/auth/register
2026-05-12T17:07:33.243+07:00 DEBUG 13128 --- [user-management-test] [           main] o.s.s.w.a.AnonymousAuthenticationFilter  : Set SecurityContextHolder to anonymous SecurityContext
2026-05-12T17:07:33.243+07:00 DEBUG 13128 --- [user-management-test] [           main] o.s.security.web.FilterChainProxy        : Secured POST /api/v1/auth/register
2026-05-12T17:07:33.243+07:00 DEBUG 13128 --- [user-management-test] [           main] s.w.s.m.m.a.RequestMappingHandlerMapping : Mapped to com.example.management.auth.AuthController#register(RegisterRequest)
2026-05-12T17:07:33.252+07:00 DEBUG 13128 --- [user-management-test] [           main] m.m.a.RequestResponseBodyMethodProcessor : Read "application/json;charset=UTF-8" to [RegisterRequest[name=test, username=test@maven.git, password=testtest]]
2026-05-12T17:07:33.259+07:00 DEBUG 13128 --- [user-management-test] [           main] o.s.jdbc.core.JdbcTemplate               : Executing prepared SQL query
2026-05-12T17:07:33.259+07:00 DEBUG 13128 --- [user-management-test] [           main] o.s.jdbc.core.JdbcTemplate               : Executing prepared SQL statement [SELECT * FROM USER_TABLE WHERE USERNAME = ?]
2026-05-12T17:07:33.259+07:00 DEBUG 13128 --- [user-management-test] [           main] o.s.jdbc.datasource.DataSourceUtils      : Fetching JDBC Connection from DataSource
2026-05-12T17:07:33.316+07:00 DEBUG 13128 --- [user-management-test] [           main] o.s.jdbc.core.JdbcTemplate               : Executing SQL update and returning generated keys
2026-05-12T17:07:33.316+07:00 DEBUG 13128 --- [user-management-test] [           main] o.s.jdbc.core.JdbcTemplate               : Executing prepared SQL statement
2026-05-12T17:07:33.316+07:00 DEBUG 13128 --- [user-management-test] [           main] o.s.jdbc.datasource.DataSourceUtils      : Fetching JDBC Connection from DataSource
2026-05-12T17:07:33.319+07:00 DEBUG 13128 --- [user-management-test] [           main] o.s.jdbc.core.JdbcTemplate               : Executing prepared SQL update
2026-05-12T17:07:33.319+07:00 DEBUG 13128 --- [user-management-test] [           main] o.s.jdbc.core.JdbcTemplate               : Executing prepared SQL statement [INSERT INTO TOKEN_TABLE (USER_ID, TOKEN, IS_LOGGED_OUT) values ( ?, ?, ? )]
2026-05-12T17:07:33.319+07:00 DEBUG 13128 --- [user-management-test] [           main] o.s.jdbc.datasource.DataSourceUtils      : Fetching JDBC Connection from DataSource
2026-05-12T17:07:33.319+07:00  INFO 13128 --- [user-management-test] [           main] c.example.management.auth.AuthService    : User registered: test
2026-05-12T17:07:33.323+07:00 DEBUG 13128 --- [user-management-test] [           main] o.s.w.s.m.m.a.HttpEntityMethodProcessor  : Using 'application/json', given [*/*] and supported [application/json, application/*+json]
2026-05-12T17:07:33.323+07:00 DEBUG 13128 --- [user-management-test] [           main] o.s.w.s.m.m.a.HttpEntityMethodProcessor  : Writing [AuthResponse[user=UserDTO[name=test, username=test@maven.git, authorities=[ROLE_USER]], token=eyJhbG (truncated)...]
2026-05-12T17:07:33.331+07:00 DEBUG 13128 --- [user-management-test] [           main] o.s.security.web.FilterChainProxy        : Securing POST /api/v1/auth/register
2026-05-12T17:07:33.331+07:00 DEBUG 13128 --- [user-management-test] [           main] o.s.s.w.a.AnonymousAuthenticationFilter  : Set SecurityContextHolder to anonymous SecurityContext
2026-05-12T17:07:33.331+07:00 DEBUG 13128 --- [user-management-test] [           main] o.s.security.web.FilterChainProxy        : Secured POST /api/v1/auth/register
2026-05-12T17:07:33.331+07:00 DEBUG 13128 --- [user-management-test] [           main] s.w.s.m.m.a.RequestMappingHandlerMapping : Mapped to com.example.management.auth.AuthController#register(RegisterRequest)
2026-05-12T17:07:33.331+07:00 DEBUG 13128 --- [user-management-test] [           main] m.m.a.RequestResponseBodyMethodProcessor : Read "application/json;charset=UTF-8" to [RegisterRequest[name=test, username=test@maven.git, password=testtest]]
2026-05-12T17:07:33.331+07:00 DEBUG 13128 --- [user-management-test] [           main] o.s.jdbc.core.JdbcTemplate               : Executing prepared SQL query
2026-05-12T17:07:33.331+07:00 DEBUG 13128 --- [user-management-test] [           main] o.s.jdbc.core.JdbcTemplate               : Executing prepared SQL statement [SELECT * FROM USER_TABLE WHERE USERNAME = ?]
2026-05-12T17:07:33.331+07:00 DEBUG 13128 --- [user-management-test] [           main] o.s.jdbc.datasource.DataSourceUtils      : Fetching JDBC Connection from DataSource
2026-05-12T17:07:33.333+07:00 ERROR 13128 --- [user-management-test] [           main] c.example.management.auth.AuthService    : Username already exists
2026-05-12T17:07:33.335+07:00 DEBUG 13128 --- [user-management-test] [           main] .m.m.a.ExceptionHandlerExceptionResolver : Using @ExceptionHandler com.example.management.exceptions.ExceptionHandlerController#handleGeneralException(Exception)
2026-05-12T17:07:33.336+07:00 DEBUG 13128 --- [user-management-test] [           main] o.s.w.s.m.m.a.HttpEntityMethodProcessor  : Using 'text/plain', given [*/*] and supported [text/plain, */*, application/json, application/*+json]
2026-05-12T17:07:33.337+07:00 DEBUG 13128 --- [user-management-test] [           main] o.s.w.s.m.m.a.HttpEntityMethodProcessor  : Writing ["Username already exists"]
2026-05-12T17:07:33.337+07:00 DEBUG 13128 --- [user-management-test] [           main] .m.m.a.ExceptionHandlerExceptionResolver : Resolved [com.example.management.exceptions.UsernameIsTaken: Username already exists]
]]></system-out>
  </testcase>
  <testcase name="testJsonAuthentication" classname="com.example.management.AuthenticationTest" time="0.139">
    <system-out><![CDATA[2026-05-12T17:07:33.351+07:00 DEBUG 13128 --- [user-management-test] [           main] o.s.security.web.FilterChainProxy        : Securing POST /login
2026-05-12T17:07:33.405+07:00 DEBUG 13128 --- [user-management-test] [           main] o.s.jdbc.core.JdbcTemplate               : Executing prepared SQL query
2026-05-12T17:07:33.405+07:00 DEBUG 13128 --- [user-management-test] [           main] o.s.jdbc.core.JdbcTemplate               : Executing prepared SQL statement [SELECT * FROM USER_TABLE WHERE USERNAME = ?]
2026-05-12T17:07:33.405+07:00 DEBUG 13128 --- [user-management-test] [           main] o.s.jdbc.datasource.DataSourceUtils      : Fetching JDBC Connection from DataSource
2026-05-12T17:07:33.466+07:00 DEBUG 13128 --- [user-management-test] [           main] o.s.s.a.dao.DaoAuthenticationProvider    : Authenticated user
2026-05-12T17:07:33.466+07:00 DEBUG 13128 --- [user-management-test] [           main] o.s.jdbc.core.JdbcTemplate               : Executing prepared SQL update
2026-05-12T17:07:33.466+07:00 DEBUG 13128 --- [user-management-test] [           main] o.s.jdbc.core.JdbcTemplate               : Executing prepared SQL statement [INSERT INTO TOKEN_TABLE (USER_ID, TOKEN, IS_LOGGED_OUT) values ( ?, ?, ? )]
2026-05-12T17:07:33.466+07:00 DEBUG 13128 --- [user-management-test] [           main] o.s.jdbc.datasource.DataSourceUtils      : Fetching JDBC Connection from DataSource
]]></system-out>
  </testcase>
  <testcase name="credentialsWithSpaces" classname="com.example.management.AuthenticationTest" time="0.02">
    <system-out><![CDATA[2026-05-12T17:07:33.483+07:00 DEBUG 13128 --- [user-management-test] [           main] o.s.security.web.FilterChainProxy        : Securing POST /api/v1/auth/register
2026-05-12T17:07:33.485+07:00 DEBUG 13128 --- [user-management-test] [           main] o.s.s.w.a.AnonymousAuthenticationFilter  : Set SecurityContextHolder to anonymous SecurityContext
2026-05-12T17:07:33.485+07:00 DEBUG 13128 --- [user-management-test] [           main] o.s.security.web.FilterChainProxy        : Secured POST /api/v1/auth/register
2026-05-12T17:07:33.485+07:00 DEBUG 13128 --- [user-management-test] [           main] s.w.s.m.m.a.RequestMappingHandlerMapping : Mapped to com.example.management.auth.AuthController#register(RegisterRequest)
2026-05-12T17:07:33.487+07:00 DEBUG 13128 --- [user-management-test] [           main] m.m.a.RequestResponseBodyMethodProcessor : Read "application/json;charset=UTF-8" to [RegisterRequest[name=Hello, username=credintialswithspaces@git.git, password=Test test]]
2026-05-12T17:07:33.497+07:00 DEBUG 13128 --- [user-management-test] [           main] .m.m.a.ExceptionHandlerExceptionResolver : Using @ExceptionHandler com.example.management.exceptions.ExceptionHandlerController#handleValidationExceptions(MethodArgumentNotValidException)
2026-05-12T17:07:33.497+07:00 DEBUG 13128 --- [user-management-test] [           main] o.s.w.s.m.m.a.HttpEntityMethodProcessor  : Using 'text/plain', given [*/*] and supported [text/plain, */*, application/json, application/*+json]
2026-05-12T17:07:33.498+07:00 DEBUG 13128 --- [user-management-test] [           main] o.s.w.s.m.m.a.HttpEntityMethodProcessor  : Writing ["Password can't include spaces"]
2026-05-12T17:07:33.498+07:00 DEBUG 13128 --- [user-management-test] [           main] .m.m.a.ExceptionHandlerExceptionResolver : Resolved [org.springframework.web.bind.MethodArgumentNotValidException: Validation failed for argument [0] in public org.springframework.http.ResponseEntity<com.example.management.auth.AuthResponse> com.example.management.auth.AuthController.register(com.example.management.auth.RegisterRequest): [Field error in object 'registerRequest' on field 'password': rejected value [Test test]; codes [Pattern.registerRequest.password,Pattern.password,Pattern.java.lang.String,Pattern]; arguments [org.springframework.context.support.DefaultMessageSourceResolvable: codes [registerRequest.password,password]; arguments []; default message [password],[Ljakarta.validation.constraints.Pattern$Flag;@6c167296,^\s*\S+\s*$]; default message [Password can't include spaces]] ]
]]></system-out>
  </testcase>
  <testcase name="LoginApiV1_wrongPassword" classname="com.example.management.AuthenticationTest" time="0.117">
    <system-out><![CDATA[2026-05-12T17:07:33.503+07:00 DEBUG 13128 --- [user-management-test] [           main] o.s.security.web.FilterChainProxy        : Securing POST /api/v1/auth/authenticate
2026-05-12T17:07:33.503+07:00 DEBUG 13128 --- [user-management-test] [           main] o.s.s.w.a.AnonymousAuthenticationFilter  : Set SecurityContextHolder to anonymous SecurityContext
2026-05-12T17:07:33.503+07:00 DEBUG 13128 --- [user-management-test] [           main] o.s.security.web.FilterChainProxy        : Secured POST /api/v1/auth/authenticate
2026-05-12T17:07:33.503+07:00 DEBUG 13128 --- [user-management-test] [           main] s.w.s.m.m.a.RequestMappingHandlerMapping : Mapped to com.example.management.auth.AuthController#authenticate(AuthRequest)
2026-05-12T17:07:33.503+07:00 DEBUG 13128 --- [user-management-test] [           main] m.m.a.RequestResponseBodyMethodProcessor : Read "application/json;charset=UTF-8" to [AuthRequest[username=john.doe@mail.co, password=password]]
Authenticating user: john.doe@mail.co
2026-05-12T17:07:33.511+07:00  WARN 13128 --- [user-management-test] [           main] c.example.management.auth.AuthService    : Authenticating user: john.doe@mail.co
2026-05-12T17:07:33.511+07:00 DEBUG 13128 --- [user-management-test] [           main] o.s.jdbc.core.JdbcTemplate               : Executing prepared SQL query
2026-05-12T17:07:33.511+07:00 DEBUG 13128 --- [user-management-test] [           main] o.s.jdbc.core.JdbcTemplate               : Executing prepared SQL statement [SELECT * FROM USER_TABLE WHERE USERNAME = ?]
2026-05-12T17:07:33.511+07:00 DEBUG 13128 --- [user-management-test] [           main] o.s.jdbc.datasource.DataSourceUtils      : Fetching JDBC Connection from DataSource
2026-05-12T17:07:33.616+07:00 DEBUG 13128 --- [user-management-test] [           main] o.s.s.a.dao.DaoAuthenticationProvider    : Failed to find user 'john.doe@mail.co'
2026-05-12T17:07:33.616+07:00 DEBUG 13128 --- [user-management-test] [           main] o.s.s.authentication.ProviderManager     : Authentication failed with provider DaoAuthenticationProvider since Bad credentials
2026-05-12T17:07:33.616+07:00 ERROR 13128 --- [user-management-test] [           main] c.example.management.auth.AuthService    : Incorrect username/password supplied
2026-05-12T17:07:33.616+07:00 DEBUG 13128 --- [user-management-test] [           main] .m.m.a.ExceptionHandlerExceptionResolver : Using @ExceptionHandler com.example.management.exceptions.ExceptionHandlerController#handleException(AuthenticationException)
2026-05-12T17:07:33.616+07:00 DEBUG 13128 --- [user-management-test] [           main] o.s.w.s.m.m.a.HttpEntityMethodProcessor  : Using 'text/plain', given [*/*] and supported [text/plain, */*, application/json, application/*+json]
2026-05-12T17:07:33.616+07:00 DEBUG 13128 --- [user-management-test] [           main] o.s.w.s.m.m.a.HttpEntityMethodProcessor  : Writing ["Incorrect username/password supplied"]
2026-05-12T17:07:33.619+07:00 DEBUG 13128 --- [user-management-test] [           main] .m.m.a.ExceptionHandlerExceptionResolver : Resolved [org.springframework.security.authentication.BadCredentialsException: Incorrect username/password supplied]
]]></system-out>
  </testcase>
  <testcase name="deletingUser" classname="com.example.management.AuthenticationTest" time="0.142">
    <system-out><![CDATA[2026-05-12T17:07:33.620+07:00 DEBUG 13128 --- [user-management-test] [           main] o.s.security.web.FilterChainProxy        : Securing POST /api/v1/auth/authenticate
2026-05-12T17:07:33.620+07:00 DEBUG 13128 --- [user-management-test] [           main] o.s.s.w.a.AnonymousAuthenticationFilter  : Set SecurityContextHolder to anonymous SecurityContext
2026-05-12T17:07:33.620+07:00 DEBUG 13128 --- [user-management-test] [           main] o.s.security.web.FilterChainProxy        : Secured POST /api/v1/auth/authenticate
2026-05-12T17:07:33.620+07:00 DEBUG 13128 --- [user-management-test] [           main] s.w.s.m.m.a.RequestMappingHandlerMapping : Mapped to com.example.management.auth.AuthController#authenticate(AuthRequest)
2026-05-12T17:07:33.620+07:00 DEBUG 13128 --- [user-management-test] [           main] m.m.a.RequestResponseBodyMethodProcessor : Read "application/json;charset=UTF-8" to [AuthRequest[username=alice@mail.co, password=pass]]
Authenticating user: alice@mail.co
2026-05-12T17:07:33.620+07:00  WARN 13128 --- [user-management-test] [           main] c.example.management.auth.AuthService    : Authenticating user: alice@mail.co
2026-05-12T17:07:33.620+07:00 DEBUG 13128 --- [user-management-test] [           main] o.s.jdbc.core.JdbcTemplate               : Executing prepared SQL query
2026-05-12T17:07:33.620+07:00 DEBUG 13128 --- [user-management-test] [           main] o.s.jdbc.core.JdbcTemplate               : Executing prepared SQL statement [SELECT * FROM USER_TABLE WHERE USERNAME = ?]
2026-05-12T17:07:33.620+07:00 DEBUG 13128 --- [user-management-test] [           main] o.s.jdbc.datasource.DataSourceUtils      : Fetching JDBC Connection from DataSource
2026-05-12T17:07:33.691+07:00 DEBUG 13128 --- [user-management-test] [           main] o.s.s.a.dao.DaoAuthenticationProvider    : Authenticated user
2026-05-12T17:07:33.691+07:00 DEBUG 13128 --- [user-management-test] [           main] o.s.jdbc.core.JdbcTemplate               : Executing prepared SQL query
2026-05-12T17:07:33.691+07:00 DEBUG 13128 --- [user-management-test] [           main] o.s.jdbc.core.JdbcTemplate               : Executing prepared SQL statement [SELECT * FROM USER_TABLE WHERE USERNAME = ?]
2026-05-12T17:07:33.691+07:00 DEBUG 13128 --- [user-management-test] [           main] o.s.jdbc.datasource.DataSourceUtils      : Fetching JDBC Connection from DataSource
2026-05-12T17:07:33.691+07:00 DEBUG 13128 --- [user-management-test] [           main] o.s.jdbc.core.JdbcTemplate               : Executing prepared SQL update
2026-05-12T17:07:33.691+07:00 DEBUG 13128 --- [user-management-test] [           main] o.s.jdbc.core.JdbcTemplate               : Executing prepared SQL statement [INSERT INTO TOKEN_TABLE (USER_ID, TOKEN, IS_LOGGED_OUT) values ( ?, ?, ? )]
2026-05-12T17:07:33.691+07:00 DEBUG 13128 --- [user-management-test] [           main] o.s.jdbc.datasource.DataSourceUtils      : Fetching JDBC Connection from DataSource
2026-05-12T17:07:33.691+07:00  WARN 13128 --- [user-management-test] [           main] c.example.management.auth.AuthService    : User authenticated: Alice
2026-05-12T17:07:33.691+07:00 DEBUG 13128 --- [user-management-test] [           main] o.s.w.s.m.m.a.HttpEntityMethodProcessor  : Using 'application/json', given [*/*] and supported [application/json, application/*+json]
2026-05-12T17:07:33.691+07:00 DEBUG 13128 --- [user-management-test] [           main] o.s.w.s.m.m.a.HttpEntityMethodProcessor  : Writing [AuthResponse[user=UserDTO[name=Alice, username=alice@mail.co, authorities=[ROLE_ADMIN]], token=eyJhb (truncated)...]
eyJhbGciOiJIUzI1NiJ9.eyJzdWIiOiJhbGljZUBtYWlsLmNvIiwiaWF0IjoxNzc4NTgwNDUzLCJleHAiOjE3Nzg2NjY4NTN9.Jz6SPdT09NbGdeniYvmD7_F1cX2a_mKxUfLG_EWBK4w
2026-05-12T17:07:33.693+07:00 DEBUG 13128 --- [user-management-test] [           main] o.s.security.web.FilterChainProxy        : Securing DELETE /delete/bob@mail.co
2026-05-12T17:07:33.731+07:00 DEBUG 13128 --- [user-management-test] [           main] o.s.jdbc.core.JdbcTemplate               : Executing prepared SQL query
2026-05-12T17:07:33.731+07:00 DEBUG 13128 --- [user-management-test] [           main] o.s.jdbc.core.JdbcTemplate               : Executing prepared SQL statement [SELECT * FROM USER_TABLE WHERE USERNAME = ?]
2026-05-12T17:07:33.731+07:00 DEBUG 13128 --- [user-management-test] [           main] o.s.jdbc.datasource.DataSourceUtils      : Fetching JDBC Connection from DataSource
2026-05-12T17:07:33.736+07:00 DEBUG 13128 --- [user-management-test] [           main] o.s.jdbc.core.JdbcTemplate               : Executing prepared SQL query
2026-05-12T17:07:33.737+07:00 DEBUG 13128 --- [user-management-test] [           main] o.s.jdbc.core.JdbcTemplate               : Executing prepared SQL statement [    SELECT *
    FROM TOKEN_TABLE T
    INNER JOIN USER_TABLE U
    ON T.USER_ID = U.ID
    WHERE T.TOKEN = ?
]
2026-05-12T17:07:33.737+07:00 DEBUG 13128 --- [user-management-test] [           main] o.s.jdbc.datasource.DataSourceUtils      : Fetching JDBC Connection from DataSource
2026-05-12T17:07:33.741+07:00 DEBUG 13128 --- [user-management-test] [           main] o.s.security.web.FilterChainProxy        : Secured DELETE /delete/bob@mail.co
2026-05-12T17:07:33.741+07:00 DEBUG 13128 --- [user-management-test] [           main] s.w.s.m.m.a.RequestMappingHandlerMapping : Mapped to com.example.management.app.AppController#delete(String)
2026-05-12T17:07:33.741+07:00 DEBUG 13128 --- [user-management-test] [           main] o.s.jdbc.core.JdbcTemplate               : Executing prepared SQL update
2026-05-12T17:07:33.741+07:00 DEBUG 13128 --- [user-management-test] [           main] o.s.jdbc.core.JdbcTemplate               : Executing prepared SQL statement [DELETE FROM USER_TABLE WHERE USERNAME = ?]
2026-05-12T17:07:33.741+07:00 DEBUG 13128 --- [user-management-test] [           main] o.s.jdbc.datasource.DataSourceUtils      : Fetching JDBC Connection from DataSource
2026-05-12T17:07:33.741+07:00 DEBUG 13128 --- [user-management-test] [           main] o.s.w.s.m.m.a.HttpEntityMethodProcessor  : Using 'text/plain', given [*/*] and supported [text/plain, */*, application/json, application/*+json]
2026-05-12T17:07:33.741+07:00 DEBUG 13128 --- [user-management-test] [           main] o.s.w.s.m.m.a.HttpEntityMethodProcessor  : Writing ["Deleted"]
2026-05-12T17:07:33.756+07:00 DEBUG 13128 --- [user-management-test] [           main] o.s.security.web.FilterChainProxy        : Securing DELETE /delete/bob@mail.co
2026-05-12T17:07:33.757+07:00 DEBUG 13128 --- [user-management-test] [           main] o.s.jdbc.core.JdbcTemplate               : Executing prepared SQL query
2026-05-12T17:07:33.757+07:00 DEBUG 13128 --- [user-management-test] [           main] o.s.jdbc.core.JdbcTemplate               : Executing prepared SQL statement [SELECT * FROM USER_TABLE WHERE USERNAME = ?]
2026-05-12T17:07:33.757+07:00 DEBUG 13128 --- [user-management-test] [           main] o.s.jdbc.datasource.DataSourceUtils      : Fetching JDBC Connection from DataSource
2026-05-12T17:07:33.757+07:00 DEBUG 13128 --- [user-management-test] [           main] o.s.jdbc.core.JdbcTemplate               : Executing prepared SQL query
2026-05-12T17:07:33.757+07:00 DEBUG 13128 --- [user-management-test] [           main] o.s.jdbc.core.JdbcTemplate               : Executing prepared SQL statement [    SELECT *
    FROM TOKEN_TABLE T
    INNER JOIN USER_TABLE U
    ON T.USER_ID = U.ID
    WHERE T.TOKEN = ?
]
2026-05-12T17:07:33.757+07:00 DEBUG 13128 --- [user-management-test] [           main] o.s.jdbc.datasource.DataSourceUtils      : Fetching JDBC Connection from DataSource
2026-05-12T17:07:33.758+07:00 DEBUG 13128 --- [user-management-test] [           main] o.s.security.web.FilterChainProxy        : Secured DELETE /delete/bob@mail.co
2026-05-12T17:07:33.758+07:00 DEBUG 13128 --- [user-management-test] [           main] s.w.s.m.m.a.RequestMappingHandlerMapping : Mapped to com.example.management.app.AppController#delete(String)
2026-05-12T17:07:33.759+07:00 DEBUG 13128 --- [user-management-test] [           main] o.s.jdbc.core.JdbcTemplate               : Executing prepared SQL update
2026-05-12T17:07:33.759+07:00 DEBUG 13128 --- [user-management-test] [           main] o.s.jdbc.core.JdbcTemplate               : Executing prepared SQL statement [DELETE FROM USER_TABLE WHERE USERNAME = ?]
2026-05-12T17:07:33.759+07:00 DEBUG 13128 --- [user-management-test] [           main] o.s.jdbc.datasource.DataSourceUtils      : Fetching JDBC Connection from DataSource
2026-05-12T17:07:33.759+07:00 DEBUG 13128 --- [user-management-test] [           main] o.s.w.s.m.m.a.HttpEntityMethodProcessor  : Using 'text/plain', given [*/*] and supported [text/plain, */*, application/json, application/*+json]
2026-05-12T17:07:33.759+07:00 DEBUG 13128 --- [user-management-test] [           main] o.s.w.s.m.m.a.HttpEntityMethodProcessor  : Writing ["Not Found"]
]]></system-out>
  </testcase>
  <testcase name="captialEmail" classname="com.example.management.AuthenticationTest" time="0.127">
    <system-out><![CDATA[2026-05-12T17:07:33.765+07:00 DEBUG 13128 --- [user-management-test] [           main] o.s.security.web.FilterChainProxy        : Securing POST /api/v1/auth/register
2026-05-12T17:07:33.765+07:00 DEBUG 13128 --- [user-management-test] [           main] o.s.s.w.a.AnonymousAuthenticationFilter  : Set SecurityContextHolder to anonymous SecurityContext
2026-05-12T17:07:33.765+07:00 DEBUG 13128 --- [user-management-test] [           main] o.s.security.web.FilterChainProxy        : Secured POST /api/v1/auth/register
2026-05-12T17:07:33.765+07:00 DEBUG 13128 --- [user-management-test] [           main] s.w.s.m.m.a.RequestMappingHandlerMapping : Mapped to com.example.management.auth.AuthController#register(RegisterRequest)
2026-05-12T17:07:33.765+07:00 DEBUG 13128 --- [user-management-test] [           main] m.m.a.RequestResponseBodyMethodProcessor : Read "application/json;charset=UTF-8" to [RegisterRequest[name=Hello, username=test@git.git, password=TESTtest]]
2026-05-12T17:07:33.765+07:00 DEBUG 13128 --- [user-management-test] [           main] o.s.jdbc.core.JdbcTemplate               : Executing prepared SQL query
2026-05-12T17:07:33.765+07:00 DEBUG 13128 --- [user-management-test] [           main] o.s.jdbc.core.JdbcTemplate               : Executing prepared SQL statement [SELECT * FROM USER_TABLE WHERE USERNAME = ?]
2026-05-12T17:07:33.770+07:00 DEBUG 13128 --- [user-management-test] [           main] o.s.jdbc.datasource.DataSourceUtils      : Fetching JDBC Connection from DataSource
2026-05-12T17:07:33.821+07:00 DEBUG 13128 --- [user-management-test] [           main] o.s.jdbc.core.JdbcTemplate               : Executing SQL update and returning generated keys
2026-05-12T17:07:33.821+07:00 DEBUG 13128 --- [user-management-test] [           main] o.s.jdbc.core.JdbcTemplate               : Executing prepared SQL statement
2026-05-12T17:07:33.821+07:00 DEBUG 13128 --- [user-management-test] [           main] o.s.jdbc.datasource.DataSourceUtils      : Fetching JDBC Connection from DataSource
2026-05-12T17:07:33.821+07:00 DEBUG 13128 --- [user-management-test] [           main] o.s.jdbc.core.JdbcTemplate               : Executing prepared SQL update
2026-05-12T17:07:33.821+07:00 DEBUG 13128 --- [user-management-test] [           main] o.s.jdbc.core.JdbcTemplate               : Executing prepared SQL statement [INSERT INTO TOKEN_TABLE (USER_ID, TOKEN, IS_LOGGED_OUT) values ( ?, ?, ? )]
2026-05-12T17:07:33.821+07:00 DEBUG 13128 --- [user-management-test] [           main] o.s.jdbc.datasource.DataSourceUtils      : Fetching JDBC Connection from DataSource
2026-05-12T17:07:33.821+07:00  INFO 13128 --- [user-management-test] [           main] c.example.management.auth.AuthService    : User registered: Hello
2026-05-12T17:07:33.821+07:00 DEBUG 13128 --- [user-management-test] [           main] o.s.w.s.m.m.a.HttpEntityMethodProcessor  : Using 'application/json', given [*/*] and supported [application/json, application/*+json]
2026-05-12T17:07:33.821+07:00 DEBUG 13128 --- [user-management-test] [           main] o.s.w.s.m.m.a.HttpEntityMethodProcessor  : Writing [AuthResponse[user=UserDTO[name=Hello, username=test@git.git, authorities=[ROLE_USER]], token=eyJhbGc (truncated)...]
2026-05-12T17:07:33.821+07:00 DEBUG 13128 --- [user-management-test] [           main] o.s.security.web.FilterChainProxy        : Securing POST /api/v1/auth/authenticate
2026-05-12T17:07:33.831+07:00 DEBUG 13128 --- [user-management-test] [           main] o.s.s.w.a.AnonymousAuthenticationFilter  : Set SecurityContextHolder to anonymous SecurityContext
2026-05-12T17:07:33.831+07:00 DEBUG 13128 --- [user-management-test] [           main] o.s.security.web.FilterChainProxy        : Secured POST /api/v1/auth/authenticate
2026-05-12T17:07:33.831+07:00 DEBUG 13128 --- [user-management-test] [           main] s.w.s.m.m.a.RequestMappingHandlerMapping : Mapped to com.example.management.auth.AuthController#authenticate(AuthRequest)
2026-05-12T17:07:33.831+07:00 DEBUG 13128 --- [user-management-test] [           main] m.m.a.RequestResponseBodyMethodProcessor : Read "application/json;charset=UTF-8" to [AuthRequest[username=test@git.git, password=TESTtest]]
Authenticating user: test@git.git
2026-05-12T17:07:33.831+07:00  WARN 13128 --- [user-management-test] [           main] c.example.management.auth.AuthService    : Authenticating user: test@git.git
2026-05-12T17:07:33.831+07:00 DEBUG 13128 --- [user-management-test] [           main] o.s.jdbc.core.JdbcTemplate               : Executing prepared SQL query
2026-05-12T17:07:33.831+07:00 DEBUG 13128 --- [user-management-test] [           main] o.s.jdbc.core.JdbcTemplate               : Executing prepared SQL statement [SELECT * FROM USER_TABLE WHERE USERNAME = ?]
2026-05-12T17:07:33.831+07:00 DEBUG 13128 --- [user-management-test] [           main] o.s.jdbc.datasource.DataSourceUtils      : Fetching JDBC Connection from DataSource
2026-05-12T17:07:33.888+07:00 DEBUG 13128 --- [user-management-test] [           main] o.s.s.a.dao.DaoAuthenticationProvider    : Authenticated user
2026-05-12T17:07:33.888+07:00 DEBUG 13128 --- [user-management-test] [           main] o.s.jdbc.core.JdbcTemplate               : Executing prepared SQL query
2026-05-12T17:07:33.888+07:00 DEBUG 13128 --- [user-management-test] [           main] o.s.jdbc.core.JdbcTemplate               : Executing prepared SQL statement [SELECT * FROM USER_TABLE WHERE USERNAME = ?]
2026-05-12T17:07:33.888+07:00 DEBUG 13128 --- [user-management-test] [           main] o.s.jdbc.datasource.DataSourceUtils      : Fetching JDBC Connection from DataSource
2026-05-12T17:07:33.888+07:00 DEBUG 13128 --- [user-management-test] [           main] o.s.jdbc.core.JdbcTemplate               : Executing prepared SQL update
2026-05-12T17:07:33.888+07:00 DEBUG 13128 --- [user-management-test] [           main] o.s.jdbc.core.JdbcTemplate               : Executing prepared SQL statement [INSERT INTO TOKEN_TABLE (USER_ID, TOKEN, IS_LOGGED_OUT) values ( ?, ?, ? )]
2026-05-12T17:07:33.888+07:00 DEBUG 13128 --- [user-management-test] [           main] o.s.jdbc.datasource.DataSourceUtils      : Fetching JDBC Connection from DataSource
2026-05-12T17:07:33.888+07:00  WARN 13128 --- [user-management-test] [           main] c.example.management.auth.AuthService    : User authenticated: Hello
2026-05-12T17:07:33.888+07:00 DEBUG 13128 --- [user-management-test] [           main] o.s.w.s.m.m.a.HttpEntityMethodProcessor  : Using 'application/json', given [*/*] and supported [application/json, application/*+json]
2026-05-12T17:07:33.890+07:00 DEBUG 13128 --- [user-management-test] [           main] o.s.w.s.m.m.a.HttpEntityMethodProcessor  : Writing [AuthResponse[user=UserDTO[name=Hello, username=test@git.git, authorities=[ROLE_USER]], token=eyJhbGc (truncated)...]
]]></system-out>
  </testcase>
  <testcase name="registerEmptyFields" classname="com.example.management.AuthenticationTest" time="0.009">
    <system-out><![CDATA[2026-05-12T17:07:33.893+07:00 DEBUG 13128 --- [user-management-test] [           main] o.s.security.web.FilterChainProxy        : Securing POST /api/v1/auth/register
2026-05-12T17:07:33.893+07:00 DEBUG 13128 --- [user-management-test] [           main] o.s.s.w.a.AnonymousAuthenticationFilter  : Set SecurityContextHolder to anonymous SecurityContext
2026-05-12T17:07:33.893+07:00 DEBUG 13128 --- [user-management-test] [           main] o.s.security.web.FilterChainProxy        : Secured POST /api/v1/auth/register
2026-05-12T17:07:33.893+07:00 DEBUG 13128 --- [user-management-test] [           main] s.w.s.m.m.a.RequestMappingHandlerMapping : Mapped to com.example.management.auth.AuthController#register(RegisterRequest)
2026-05-12T17:07:33.893+07:00 DEBUG 13128 --- [user-management-test] [           main] m.m.a.RequestResponseBodyMethodProcessor : Read "application/json;charset=UTF-8" to [RegisterRequest[name=, username=, password=]]
2026-05-12T17:07:33.893+07:00 DEBUG 13128 --- [user-management-test] [           main] .m.m.a.ExceptionHandlerExceptionResolver : Using @ExceptionHandler com.example.management.exceptions.ExceptionHandlerController#handleValidationExceptions(MethodArgumentNotValidException)
2026-05-12T17:07:33.893+07:00 DEBUG 13128 --- [user-management-test] [           main] o.s.w.s.m.m.a.HttpEntityMethodProcessor  : Using 'text/plain', given [*/*] and supported [text/plain, */*, application/json, application/*+json]
2026-05-12T17:07:33.893+07:00 DEBUG 13128 --- [user-management-test] [           main] o.s.w.s.m.m.a.HttpEntityMethodProcessor  : Writing ["Empty email<EOL> Invalid password length<EOL> Empty password<EOL> Empty name<EOL> Password can't include spaces"]
2026-05-12T17:07:33.893+07:00 DEBUG 13128 --- [user-management-test] [           main] .m.m.a.ExceptionHandlerExceptionResolver : Resolved [org.springframework.web.bind.MethodArgumentNotValidException: Validation failed for argument [0] in public org.springframework.http.ResponseEntity<com.example.management.auth.AuthResponse> com.example.management.auth.AuthController.register(com.example.management.auth.RegisterRequest) with 5 errors: [Field error in object 'registerRequest' on field 'username': rejected value []; codes [NotBlank.registerRequest.username,NotBlank.username,NotBlank.java.lang.String,NotBlank]; arguments [org.springframework.context.support.DefaultMessageSourceResolvable: codes [registerRequest.username,username]; arguments []; default message [username]]; default message [Empty email]] [Field error in object 'registerRequest' on field 'password': rejected value []; codes [Size.registerRequest.password,Size.password,Size.java.lang.String,Size]; arguments [org.springframework.context.support.DefaultMessageSourceResolvable: codes [registerRequest.password,password]; arguments []; default message [password],50,8]; default message [Invalid password length]] [Field error in object 'registerRequest' on field 'password': rejected value []; codes [NotBlank.registerRequest.password,NotBlank.password,NotBlank.java.lang.String,NotBlank]; arguments [org.springframework.context.support.DefaultMessageSourceResolvable: codes [registerRequest.password,password]; arguments []; default message [password]]; default message [Empty password]] [Field error in object 'registerRequest' on field 'name': rejected value []; codes [NotBlank.registerRequest.name,NotBlank.name,NotBlank.java.lang.String,NotBlank]; arguments [org.springframework.context.support.DefaultMessageSourceResolvable: codes [registerRequest.name,name]; arguments []; default message [name]]; default message [Empty name]] [Field error in object 'registerRequest' on field 'password': rejected value []; codes [Pattern.registerRequest.password,Pattern.password,Pattern.java.lang.String,Pattern]; arguments [org.springframework.context.support.DefaultMessageSourceResolvable: codes [registerRequest.password,password]; arguments []; default message [password],[Ljakarta.validation.constraints.Pattern$Flag;@6c167296,^\s*\S+\s*$]; default message [Password can't include spaces]] ]
]]></system-out>
  </testcase>
  <testcase name="registerShortPassword" classname="com.example.management.AuthenticationTest" time="0.008">
    <system-out><![CDATA[2026-05-12T17:07:33.906+07:00 DEBUG 13128 --- [user-management-test] [           main] o.s.security.web.FilterChainProxy        : Securing POST /api/v1/auth/register
2026-05-12T17:07:33.906+07:00 DEBUG 13128 --- [user-management-test] [           main] o.s.s.w.a.AnonymousAuthenticationFilter  : Set SecurityContextHolder to anonymous SecurityContext
2026-05-12T17:07:33.906+07:00 DEBUG 13128 --- [user-management-test] [           main] o.s.security.web.FilterChainProxy        : Secured POST /api/v1/auth/register
2026-05-12T17:07:33.906+07:00 DEBUG 13128 --- [user-management-test] [           main] s.w.s.m.m.a.RequestMappingHandlerMapping : Mapped to com.example.management.auth.AuthController#register(RegisterRequest)
2026-05-12T17:07:33.906+07:00 DEBUG 13128 --- [user-management-test] [           main] m.m.a.RequestResponseBodyMethodProcessor : Read "application/json;charset=UTF-8" to [RegisterRequest[name=new user, username=john.doe@mail.co, password=pass]]
2026-05-12T17:07:33.906+07:00 DEBUG 13128 --- [user-management-test] [           main] .m.m.a.ExceptionHandlerExceptionResolver : Using @ExceptionHandler com.example.management.exceptions.ExceptionHandlerController#handleValidationExceptions(MethodArgumentNotValidException)
2026-05-12T17:07:33.906+07:00 DEBUG 13128 --- [user-management-test] [           main] o.s.w.s.m.m.a.HttpEntityMethodProcessor  : Using 'text/plain', given [*/*] and supported [text/plain, */*, application/json, application/*+json]
2026-05-12T17:07:33.906+07:00 DEBUG 13128 --- [user-management-test] [           main] o.s.w.s.m.m.a.HttpEntityMethodProcessor  : Writing ["Invalid password length"]
2026-05-12T17:07:33.906+07:00 DEBUG 13128 --- [user-management-test] [           main] .m.m.a.ExceptionHandlerExceptionResolver : Resolved [org.springframework.web.bind.MethodArgumentNotValidException: Validation failed for argument [0] in public org.springframework.http.ResponseEntity<com.example.management.auth.AuthResponse> com.example.management.auth.AuthController.register(com.example.management.auth.RegisterRequest): [Field error in object 'registerRequest' on field 'password': rejected value [pass]; codes [Size.registerRequest.password,Size.password,Size.java.lang.String,Size]; arguments [org.springframework.context.support.DefaultMessageSourceResolvable: codes [registerRequest.password,password]; arguments []; default message [password],50,8]; default message [Invalid password length]] ]
]]></system-out>
  </testcase>
  <testcase name="testFormAuthentication" classname="com.example.management.AuthenticationTest" time="0.065">
    <system-out><![CDATA[2026-05-12T17:07:33.911+07:00 DEBUG 13128 --- [user-management-test] [           main] o.s.security.web.FilterChainProxy        : Securing POST /login
2026-05-12T17:07:33.917+07:00 DEBUG 13128 --- [user-management-test] [           main] o.s.jdbc.core.JdbcTemplate               : Executing prepared SQL query
2026-05-12T17:07:33.917+07:00 DEBUG 13128 --- [user-management-test] [           main] o.s.jdbc.core.JdbcTemplate               : Executing prepared SQL statement [SELECT * FROM USER_TABLE WHERE USERNAME = ?]
2026-05-12T17:07:33.917+07:00 DEBUG 13128 --- [user-management-test] [           main] o.s.jdbc.datasource.DataSourceUtils      : Fetching JDBC Connection from DataSource
2026-05-12T17:07:33.971+07:00 DEBUG 13128 --- [user-management-test] [           main] o.s.s.a.dao.DaoAuthenticationProvider    : Authenticated user
2026-05-12T17:07:33.971+07:00 DEBUG 13128 --- [user-management-test] [           main] o.s.jdbc.core.JdbcTemplate               : Executing prepared SQL update
2026-05-12T17:07:33.971+07:00 DEBUG 13128 --- [user-management-test] [           main] o.s.jdbc.core.JdbcTemplate               : Executing prepared SQL statement [INSERT INTO TOKEN_TABLE (USER_ID, TOKEN, IS_LOGGED_OUT) values ( ?, ?, ? )]
2026-05-12T17:07:33.971+07:00 DEBUG 13128 --- [user-management-test] [           main] o.s.jdbc.datasource.DataSourceUtils      : Fetching JDBC Connection from DataSource
]]></system-out>
  </testcase>
  <testcase name="LoginApiV1_emptyPassword" classname="com.example.management.AuthenticationTest" time="0.008">
    <system-out><![CDATA[2026-05-12T17:07:33.976+07:00 DEBUG 13128 --- [user-management-test] [           main] o.s.security.web.FilterChainProxy        : Securing POST /api/v1/auth/authenticate
2026-05-12T17:07:33.976+07:00 DEBUG 13128 --- [user-management-test] [           main] o.s.s.w.a.AnonymousAuthenticationFilter  : Set SecurityContextHolder to anonymous SecurityContext
2026-05-12T17:07:33.976+07:00 DEBUG 13128 --- [user-management-test] [           main] o.s.security.web.FilterChainProxy        : Secured POST /api/v1/auth/authenticate
2026-05-12T17:07:33.976+07:00 DEBUG 13128 --- [user-management-test] [           main] s.w.s.m.m.a.RequestMappingHandlerMapping : Mapped to com.example.management.auth.AuthController#authenticate(AuthRequest)
2026-05-12T17:07:33.981+07:00 DEBUG 13128 --- [user-management-test] [           main] m.m.a.RequestResponseBodyMethodProcessor : Read "application/json;charset=UTF-8" to [AuthRequest[username=john.doe@mail.co, password=]]
2026-05-12T17:07:33.981+07:00 DEBUG 13128 --- [user-management-test] [           main] .m.m.a.ExceptionHandlerExceptionResolver : Using @ExceptionHandler com.example.management.exceptions.ExceptionHandlerController#handleValidationExceptions(MethodArgumentNotValidException)
2026-05-12T17:07:33.981+07:00 DEBUG 13128 --- [user-management-test] [           main] o.s.w.s.m.m.a.HttpEntityMethodProcessor  : Using 'text/plain', given [*/*] and supported [text/plain, */*, application/json, application/*+json]
2026-05-12T17:07:33.981+07:00 DEBUG 13128 --- [user-management-test] [           main] o.s.w.s.m.m.a.HttpEntityMethodProcessor  : Writing ["Empty Password"]
2026-05-12T17:07:33.981+07:00 DEBUG 13128 --- [user-management-test] [           main] .m.m.a.ExceptionHandlerExceptionResolver : Resolved [org.springframework.web.bind.MethodArgumentNotValidException: Validation failed for argument [0] in public org.springframework.http.ResponseEntity<com.example.management.auth.AuthResponse> com.example.management.auth.AuthController.authenticate(com.example.management.auth.AuthRequest): [Field error in object 'authRequest' on field 'password': rejected value []; codes [NotBlank.authRequest.password,NotBlank.password,NotBlank.java.lang.String,NotBlank]; arguments [org.springframework.context.support.DefaultMessageSourceResolvable: codes [authRequest.password,password]; arguments []; default message [password]]; default message [Empty Password]] ]
]]></system-out>
  </testcase>
</testsuite>