<?xml version="1.0" encoding="UTF-8"?>
<testsuite xmlns:xsi="http://www.w3.org/2001/XMLSchema-instance" xsi:noNamespaceSchemaLocation="https://maven.apache.org/surefire/maven-surefire-plugin/xsd/surefire-test-report.xsd" version="3.0.2" name="com.example.management.AuthenticationTest" time="5.988" tests="10" errors="0" skipped="0" failures="0">
  <properties>
[...]
</properties>
  <testcase name="registerNewUser" classname="com.example.management.AuthenticationTest" time="1.424">
    <system-out><![CDATA[2026-05-12T23:21:50.775+07:00  INFO 27000 --- [user-management] [           main] t.c.s.AnnotationConfigContextLoaderUtils : Could not detect default configuration classes for test class [com.example.management.AuthenticationTest]: AuthenticationTest does not declare any static, non-private, non-final, nested classes annotated with @Configuration.
2026-05-12T23:21:50.801+07:00  INFO 27000 --- [user-management] [           main] .b.t.c.SpringBootTestContextBootstrapper : Found @SpringBootConfiguration com.example.management.Application for test class com.example.management.AuthenticationTest
2026-05-12T23:21:50.809+07:00  INFO 27000 --- [user-management] [           main] o.s.b.d.r.RestartApplicationListener     : Restart disabled due to context in which it is running

  .   ____          _            __ _ _
 /\\ / ___'_ __ _ _(_)_ __  __ _ \ \ \ \
( ( )\___ | '_ | '_| | '_ \/ _` | \ \ \ \
 \\/  ___)| |_)| | | | | || (_| |  ) ) ) )
  '  |____| .__|_| |_|_| |_\__, | / / / /
 =========|_|==============|___/=/_/_/_/

 :: Spring Boot ::                (v3.5.6)

2026-05-12T23:21:50.965+07:00  INFO 27000 --- [user-management] [           main] c.example.management.AuthenticationTest  : Starting AuthenticationTest using Java 17.0.12 with PID 27000 (started by BumXiu in C:\Users\BumXiu\CursorProjects\BMAD_PROJECT_INTEGRATION\user-mgmt)
2026-05-12T23:21:50.965+07:00  INFO 27000 --- [user-management] [           main] c.example.management.AuthenticationTest  : No active profile set, falling back to 1 default profile: "default"
2026-05-12T23:21:50.971+07:00 DEBUG 27000 --- [user-management] [           main] o.s.w.c.s.GenericWebApplicationContext   : Refreshing org.springframework.web.context.support.GenericWebApplicationContext@289a4b90
2026-05-12T23:21:52.121+07:00 DEBUG 27000 --- [user-management] [           main] o.s.jdbc.datasource.DataSourceUtils      : Fetching JDBC Connection from DataSource
2026-05-12T23:21:52.121+07:00  INFO 27000 --- [user-management] [           main] com.zaxxer.hikari.HikariDataSource       : HikariPool-2 - Starting...
2026-05-12T23:21:52.121+07:00  INFO 27000 --- [user-management] [           main] com.zaxxer.hikari.pool.HikariPool        : HikariPool-2 - Added connection conn10: url=jdbc:h2:mem:userdb user=SA
2026-05-12T23:21:52.121+07:00  INFO 27000 --- [user-management] [           main] com.zaxxer.hikari.HikariDataSource       : HikariPool-2 - Start completed.
2026-05-12T23:21:52.121+07:00 DEBUG 27000 --- [user-management] [           main] o.s.jdbc.datasource.init.ScriptUtils     : Executing SQL script from file [C:\Users\BumXiu\CursorProjects\BMAD_PROJECT_INTEGRATION\user-mgmt\target\classes\schema.sql]
2026-05-12T23:21:52.138+07:00 DEBUG 27000 --- [user-management] [           main] o.s.jdbc.datasource.init.ScriptUtils     : 0 returned as update count for SQL: DROP TABLE IF EXISTS USER_TABLE, TOKEN_TABLE
2026-05-12T23:21:52.138+07:00 DEBUG 27000 --- [user-management] [           main] o.s.jdbc.datasource.init.ScriptUtils     : 0 returned as update count for SQL: CREATE TABLE USER_TABLE( id INT NOT NULL AUTO_INCREMENT, name VARCHAR(100) NOT NULL, username VARCHAR(100) NOT NULL, password VARCHAR(100) NOT NULL, roles VARCHAR NOT NULL, PRIMARY KEY (id) )
2026-05-12T23:21:52.138+07:00 DEBUG 27000 --- [user-management] [           main] o.s.jdbc.datasource.init.ScriptUtils     : 0 returned as update count for SQL: CREATE TABLE TOKEN_TABLE( id INT NOT NULL AUTO_INCREMENT, user_id INT NOT NULL, token LONGVARCHAR NOT NULL, is_logged_out BOOLEAN DEFAULT FALSE )
2026-05-12T23:21:52.138+07:00 DEBUG 27000 --- [user-management] [           main] o.s.jdbc.datasource.init.ScriptUtils     : 3 returned as update count for SQL: INSERT INTO USER_TABLE (name, username, roles, password) VALUES ('Alice', 'alice@mail.co','ROLE_ADMIN', '$2a$10$Qldj64zlh4eDNm7oGfwmWOkoevSo.Uv1LjXao/Rwsc2jGwjIXKRii'), ('Bob', 'bob@mail.co','ROLE_USER', '$2a$10$Qldj64zlh4eDNm7oGfwmWOkoevSo.Uv1LjXao/Rwsc2jGwjIXKRii'), ('John', 'John.Doe@mail.co','ROLE_USER', '$2a$10$Qldj64zlh4eDNm7oGfwmWOkoevSo.Uv1LjXao/Rwsc2jGwjIXKRii')
2026-05-12T23:21:52.146+07:00 DEBUG 27000 --- [user-management] [           main] o.s.jdbc.datasource.init.ScriptUtils     : Executed SQL script from file [C:\Users\BumXiu\CursorProjects\BMAD_PROJECT_INTEGRATION\user-mgmt\target\classes\schema.sql] in 17 ms.
2026-05-12T23:21:52.358+07:00 DEBUG 27000 --- [user-management] [           main] .m.m.a.ExceptionHandlerExceptionResolver : ControllerAdvice beans: 1 @ExceptionHandler, 1 ResponseBodyAdvice
2026-05-12T23:21:52.367+07:00  INFO 27000 --- [user-management] [           main] eAuthenticationProviderManagerConfigurer : Global AuthenticationManager configured with AuthenticationProvider bean with name authenticationProvider
2026-05-12T23:21:52.367+07:00  WARN 27000 --- [user-management] [           main] r$InitializeUserDetailsManagerConfigurer : Global AuthenticationManager configured with an AuthenticationProvider bean. UserDetailsService beans will not be used by Spring Security for automatically configuring username/password login. Consider removing the AuthenticationProvider bean. Alternatively, consider using the UserDetailsService in a manually instantiated DaoAuthenticationProvider. If the current configuration is intentional, to turn off this warning, increase the logging level of 'org.springframework.security.config.annotation.authentication.configuration.InitializeUserDetailsBeanManagerConfigurer' to ERROR
2026-05-12T23:21:52.407+07:00  INFO 27000 --- [user-management] [           main] o.s.b.a.w.s.WelcomePageHandlerMapping    : Adding welcome page: class path resource [static/index.html]
2026-05-12T23:21:52.440+07:00 DEBUG 27000 --- [user-management] [           main] s.w.s.m.m.a.RequestMappingHandlerMapping : 14 mappings in 'requestMappingHandlerMapping'
2026-05-12T23:21:52.474+07:00 DEBUG 27000 --- [user-management] [           main] o.s.w.s.handler.SimpleUrlHandlerMapping  : Patterns [/webjars/**, /**] in 'resourceHandlerMapping'
2026-05-12T23:21:52.513+07:00  WARN 27000 --- [user-management] [           main] thorizationManagerRequestMatcherRegistry : One of the patterns in [api/v1/auth/logout, /home] is missing a leading slash. This is discouraged; please include the leading slash in all your request matcher patterns. In future versions of Spring Security, leaving out the leading slash will result in an exception.
2026-05-12T23:21:52.598+07:00 DEBUG 27000 --- [user-management] [           main] o.s.s.web.DefaultSecurityFilterChain     : Will secure any request with filters: DisableEncodeUrlFilter, WebAsyncManagerIntegrationFilter, SecurityContextHolderFilter, HeaderWriterFilter, LogoutFilter, JwtAuthFilter, JsonUsernamePasswordAuthFilter, UsernamePasswordAuthenticationFilter, RequestCacheAwareFilter, SecurityContextHolderAwareRequestFilter, AnonymousAuthenticationFilter, SessionManagementFilter, ExceptionTranslationFilter, AuthorizationFilter
2026-05-12T23:21:52.848+07:00 DEBUG 27000 --- [user-management] [           main] s.w.s.m.m.a.RequestMappingHandlerAdapter : ControllerAdvice beans: 0 @ModelAttribute, 0 @InitBinder, 1 RequestBodyAdvice, 1 ResponseBodyAdvice
2026-05-12T23:21:53.344+07:00  INFO 27000 --- [user-management] [           main] o.s.b.t.m.w.SpringBootMockServletContext : Initializing Spring TestDispatcherServlet ''
2026-05-12T23:21:53.351+07:00  INFO 27000 --- [user-management] [           main] o.s.t.web.servlet.TestDispatcherServlet  : Initializing Servlet ''
2026-05-12T23:21:53.368+07:00  INFO 27000 --- [user-management] [           main] o.s.t.web.servlet.TestDispatcherServlet  : Completed initialization in 13 ms
2026-05-12T23:21:53.429+07:00  INFO 27000 --- [user-management] [           main] c.example.management.AuthenticationTest  : Started AuthenticationTest in 2.62 seconds (process running for 22.326)
2026-05-12T23:21:53.582+07:00 DEBUG 27000 --- [user-management] [           main] o.s.security.web.FilterChainProxy        : Securing POST /api/v1/auth/register
2026-05-12T23:21:53.605+07:00 DEBUG 27000 --- [user-management] [           main] o.s.s.w.a.AnonymousAuthenticationFilter  : Set SecurityContextHolder to anonymous SecurityContext
2026-05-12T23:21:53.613+07:00 DEBUG 27000 --- [user-management] [           main] o.s.security.web.FilterChainProxy        : Secured POST /api/v1/auth/register
2026-05-12T23:21:53.625+07:00 DEBUG 27000 --- [user-management] [           main] s.w.s.m.m.a.RequestMappingHandlerMapping : Mapped to com.example.management.auth.AuthController#register(RegisterRequest)
2026-05-12T23:21:53.899+07:00 DEBUG 27000 --- [user-management] [           main] m.m.a.RequestResponseBodyMethodProcessor : Read "application/json;charset=UTF-8" to [RegisterRequest[name=test, username=test@maven.git, password=testtest]]
2026-05-12T23:21:54.132+07:00 DEBUG 27000 --- [user-management] [           main] o.s.jdbc.core.JdbcTemplate               : Executing prepared SQL query
2026-05-12T23:21:54.132+07:00 DEBUG 27000 --- [user-management] [           main] o.s.jdbc.core.JdbcTemplate               : Executing prepared SQL statement [SELECT * FROM USER_TABLE WHERE USERNAME = ?]
2026-05-12T23:21:54.132+07:00 DEBUG 27000 --- [user-management] [           main] o.s.jdbc.datasource.DataSourceUtils      : Fetching JDBC Connection from DataSource
2026-05-12T23:21:54.361+07:00 DEBUG 27000 --- [user-management] [           main] o.s.jdbc.core.JdbcTemplate               : Executing SQL update and returning generated keys
2026-05-12T23:21:54.361+07:00 DEBUG 27000 --- [user-management] [           main] o.s.jdbc.core.JdbcTemplate               : Executing prepared SQL statement
2026-05-12T23:21:54.361+07:00 DEBUG 27000 --- [user-management] [           main] o.s.jdbc.datasource.DataSourceUtils      : Fetching JDBC Connection from DataSource
2026-05-12T23:21:54.654+07:00 DEBUG 27000 --- [user-management] [           main] o.s.jdbc.core.JdbcTemplate               : Executing prepared SQL update
2026-05-12T23:21:54.659+07:00 DEBUG 27000 --- [user-management] [           main] o.s.jdbc.core.JdbcTemplate               : Executing prepared SQL statement [INSERT INTO TOKEN_TABLE (USER_ID, TOKEN, IS_LOGGED_OUT) values ( ?, ?, ? )]
2026-05-12T23:21:54.661+07:00 DEBUG 27000 --- [user-management] [           main] o.s.jdbc.datasource.DataSourceUtils      : Fetching JDBC Connection from DataSource
2026-05-12T23:21:54.666+07:00  INFO 27000 --- [user-management] [           main] c.example.management.auth.AuthService    : User registered: test
2026-05-12T23:21:54.713+07:00 DEBUG 27000 --- [user-management] [           main] o.s.w.s.m.m.a.HttpEntityMethodProcessor  : Using 'application/json', given [*/*] and supported [application/json, application/*+json]
2026-05-12T23:21:54.720+07:00 DEBUG 27000 --- [user-management] [           main] o.s.w.s.m.m.a.HttpEntityMethodProcessor  : Writing [AuthResponse[user=UserDTO[name=test, username=test@maven.git, authorities=[ROLE_USER]], token=eyJhbG (truncated)...]
2026-05-12T23:21:54.778+07:00 DEBUG 27000 --- [user-management] [           main] o.s.security.web.FilterChainProxy        : Securing POST /api/v1/auth/register
2026-05-12T23:21:54.780+07:00 DEBUG 27000 --- [user-management] [           main] o.s.s.w.a.AnonymousAuthenticationFilter  : Set SecurityContextHolder to anonymous SecurityContext
2026-05-12T23:21:54.780+07:00 DEBUG 27000 --- [user-management] [           main] o.s.security.web.FilterChainProxy        : Secured POST /api/v1/auth/register
2026-05-12T23:21:54.783+07:00 DEBUG 27000 --- [user-management] [           main] s.w.s.m.m.a.RequestMappingHandlerMapping : Mapped to com.example.management.auth.AuthController#register(RegisterRequest)
2026-05-12T23:21:54.789+07:00 DEBUG 27000 --- [user-management] [           main] m.m.a.RequestResponseBodyMethodProcessor : Read "application/json;charset=UTF-8" to [RegisterRequest[name=test, username=test@maven.git, password=testtest]]
2026-05-12T23:21:54.789+07:00 DEBUG 27000 --- [user-management] [           main] o.s.jdbc.core.JdbcTemplate               : Executing prepared SQL query
2026-05-12T23:21:54.789+07:00 DEBUG 27000 --- [user-management] [           main] o.s.jdbc.core.JdbcTemplate               : Executing prepared SQL statement [SELECT * FROM USER_TABLE WHERE USERNAME = ?]
2026-05-12T23:21:54.789+07:00 DEBUG 27000 --- [user-management] [           main] o.s.jdbc.datasource.DataSourceUtils      : Fetching JDBC Connection from DataSource
2026-05-12T23:21:54.795+07:00 ERROR 27000 --- [user-management] [           main] c.example.management.auth.AuthService    : Username already exists
2026-05-12T23:21:54.795+07:00 DEBUG 27000 --- [user-management] [           main] .m.m.a.ExceptionHandlerExceptionResolver : Using @ExceptionHandler com.example.management.exceptions.ExceptionHandlerController#handleGeneralException(Exception)
2026-05-12T23:21:54.810+07:00 DEBUG 27000 --- [user-management] [           main] o.s.w.s.m.m.a.HttpEntityMethodProcessor  : Using 'text/plain', given [*/*] and supported [text/plain, */*, application/json, application/*+json]
2026-05-12T23:21:54.810+07:00 DEBUG 27000 --- [user-management] [           main] o.s.w.s.m.m.a.HttpEntityMethodProcessor  : Writing ["Username already exists"]
2026-05-12T23:21:54.820+07:00 DEBUG 27000 --- [user-management] [           main] .m.m.a.ExceptionHandlerExceptionResolver : Resolved [com.example.management.exceptions.UsernameIsTaken: Username already exists]
]]></system-out>
  </testcase>
  <testcase name="testJsonAuthentication" classname="com.example.management.AuthenticationTest" time="0.464">
    <system-out><![CDATA[2026-05-12T23:21:54.907+07:00 DEBUG 27000 --- [user-management] [           main] o.s.security.web.FilterChainProxy        : Securing POST /login
2026-05-12T23:21:55.096+07:00 DEBUG 27000 --- [user-management] [           main] o.s.jdbc.core.JdbcTemplate               : Executing prepared SQL query
2026-05-12T23:21:55.103+07:00 DEBUG 27000 --- [user-management] [           main] o.s.jdbc.core.JdbcTemplate               : Executing prepared SQL statement [SELECT * FROM USER_TABLE WHERE USERNAME = ?]
2026-05-12T23:21:55.103+07:00 DEBUG 27000 --- [user-management] [           main] o.s.jdbc.datasource.DataSourceUtils      : Fetching JDBC Connection from DataSource
2026-05-12T23:21:55.279+07:00 DEBUG 27000 --- [user-management] [           main] o.s.s.a.dao.DaoAuthenticationProvider    : Authenticated user
2026-05-12T23:21:55.284+07:00 DEBUG 27000 --- [user-management] [           main] o.s.jdbc.core.JdbcTemplate               : Executing prepared SQL update
2026-05-12T23:21:55.284+07:00 DEBUG 27000 --- [user-management] [           main] o.s.jdbc.core.JdbcTemplate               : Executing prepared SQL statement [INSERT INTO TOKEN_TABLE (USER_ID, TOKEN, IS_LOGGED_OUT) values ( ?, ?, ? )]
2026-05-12T23:21:55.284+07:00 DEBUG 27000 --- [user-management] [           main] o.s.jdbc.datasource.DataSourceUtils      : Fetching JDBC Connection from DataSource
]]></system-out>
  </testcase>
  <testcase name="credentialsWithSpaces" classname="com.example.management.AuthenticationTest" time="0.054">
    <system-out><![CDATA[2026-05-12T23:21:55.348+07:00 DEBUG 27000 --- [user-management] [           main] o.s.security.web.FilterChainProxy        : Securing POST /api/v1/auth/register
2026-05-12T23:21:55.348+07:00 DEBUG 27000 --- [user-management] [           main] o.s.s.w.a.AnonymousAuthenticationFilter  : Set SecurityContextHolder to anonymous SecurityContext
2026-05-12T23:21:55.348+07:00 DEBUG 27000 --- [user-management] [           main] o.s.security.web.FilterChainProxy        : Secured POST /api/v1/auth/register
2026-05-12T23:21:55.348+07:00 DEBUG 27000 --- [user-management] [           main] s.w.s.m.m.a.RequestMappingHandlerMapping : Mapped to com.example.management.auth.AuthController#register(RegisterRequest)
2026-05-12T23:21:55.348+07:00 DEBUG 27000 --- [user-management] [           main] m.m.a.RequestResponseBodyMethodProcessor : Read "application/json;charset=UTF-8" to [RegisterRequest[name=Hello, username=credintialswithspaces@git.git, password=Test test]]
2026-05-12T23:21:55.379+07:00 DEBUG 27000 --- [user-management] [           main] .m.m.a.ExceptionHandlerExceptionResolver : Using @ExceptionHandler com.example.management.exceptions.ExceptionHandlerController#handleValidationExceptions(MethodArgumentNotValidException)
2026-05-12T23:21:55.383+07:00 DEBUG 27000 --- [user-management] [           main] o.s.w.s.m.m.a.HttpEntityMethodProcessor  : Using 'text/plain', given [*/*] and supported [text/plain, */*, application/json, application/*+json]
2026-05-12T23:21:55.383+07:00 DEBUG 27000 --- [user-management] [           main] o.s.w.s.m.m.a.HttpEntityMethodProcessor  : Writing ["Password can't include spaces"]
2026-05-12T23:21:55.383+07:00 DEBUG 27000 --- [user-management] [           main] .m.m.a.ExceptionHandlerExceptionResolver : Resolved [org.springframework.web.bind.MethodArgumentNotValidException: Validation failed for argument [0] in public org.springframework.http.ResponseEntity<com.example.management.auth.AuthResponse> com.example.management.auth.AuthController.register(com.example.management.auth.RegisterRequest): [Field error in object 'registerRequest' on field 'password': rejected value [Test test]; codes [Pattern.registerRequest.password,Pattern.password,Pattern.java.lang.String,Pattern]; arguments [org.springframework.context.support.DefaultMessageSourceResolvable: codes [registerRequest.password,password]; arguments []; default message [password],[Ljakarta.validation.constraints.Pattern$Flag;@1756a471,^\s*\S+\s*$]; default message [Password can't include spaces]] ]
]]></system-out>
  </testcase>
  <testcase name="LoginApiV1_wrongPassword" classname="com.example.management.AuthenticationTest" time="0.205">
    <system-out><![CDATA[2026-05-12T23:21:55.409+07:00 DEBUG 27000 --- [user-management] [           main] o.s.security.web.FilterChainProxy        : Securing POST /api/v1/auth/authenticate
2026-05-12T23:21:55.409+07:00 DEBUG 27000 --- [user-management] [           main] o.s.s.w.a.AnonymousAuthenticationFilter  : Set SecurityContextHolder to anonymous SecurityContext
2026-05-12T23:21:55.409+07:00 DEBUG 27000 --- [user-management] [           main] o.s.security.web.FilterChainProxy        : Secured POST /api/v1/auth/authenticate
2026-05-12T23:21:55.412+07:00 DEBUG 27000 --- [user-management] [           main] s.w.s.m.m.a.RequestMappingHandlerMapping : Mapped to com.example.management.auth.AuthController#authenticate(AuthRequest)
2026-05-12T23:21:55.417+07:00 DEBUG 27000 --- [user-management] [           main] m.m.a.RequestResponseBodyMethodProcessor : Read "application/json;charset=UTF-8" to [AuthRequest[username=john.doe@mail.co, password=password]]
Authenticating user: john.doe@mail.co
2026-05-12T23:21:55.425+07:00  WARN 27000 --- [user-management] [           main] c.example.management.auth.AuthService    : Authenticating user: john.doe@mail.co
2026-05-12T23:21:55.433+07:00 DEBUG 27000 --- [user-management] [           main] o.s.jdbc.core.JdbcTemplate               : Executing prepared SQL query
2026-05-12T23:21:55.433+07:00 DEBUG 27000 --- [user-management] [           main] o.s.jdbc.core.JdbcTemplate               : Executing prepared SQL statement [SELECT * FROM USER_TABLE WHERE USERNAME = ?]
2026-05-12T23:21:55.433+07:00 DEBUG 27000 --- [user-management] [           main] o.s.jdbc.datasource.DataSourceUtils      : Fetching JDBC Connection from DataSource
2026-05-12T23:21:55.588+07:00 DEBUG 27000 --- [user-management] [           main] o.s.s.a.dao.DaoAuthenticationProvider    : Failed to find user 'john.doe@mail.co'
2026-05-12T23:21:55.589+07:00 DEBUG 27000 --- [user-management] [           main] o.s.s.authentication.ProviderManager     : Authentication failed with provider DaoAuthenticationProvider since Bad credentials
2026-05-12T23:21:55.591+07:00 ERROR 27000 --- [user-management] [           main] c.example.management.auth.AuthService    : Incorrect username/password supplied
2026-05-12T23:21:55.591+07:00 DEBUG 27000 --- [user-management] [           main] .m.m.a.ExceptionHandlerExceptionResolver : Using @ExceptionHandler com.example.management.exceptions.ExceptionHandlerController#handleException(AuthenticationException)
2026-05-12T23:21:55.592+07:00 DEBUG 27000 --- [user-management] [           main] o.s.w.s.m.m.a.HttpEntityMethodProcessor  : Using 'text/plain', given [*/*] and supported [text/plain, */*, application/json, application/*+json]
2026-05-12T23:21:55.592+07:00 DEBUG 27000 --- [user-management] [           main] o.s.w.s.m.m.a.HttpEntityMethodProcessor  : Writing ["Incorrect username/password supplied"]
2026-05-12T23:21:55.594+07:00 DEBUG 27000 --- [user-management] [           main] .m.m.a.ExceptionHandlerExceptionResolver : Resolved [org.springframework.security.authentication.BadCredentialsException: Incorrect username/password supplied]
]]></system-out>
  </testcase>
  <testcase name="deletingUser" classname="com.example.management.AuthenticationTest" time="0.464">
    <system-out><![CDATA[2026-05-12T23:21:55.616+07:00 DEBUG 27000 --- [user-management] [           main] o.s.security.web.FilterChainProxy        : Securing POST /api/v1/auth/authenticate
2026-05-12T23:21:55.616+07:00 DEBUG 27000 --- [user-management] [           main] o.s.s.w.a.AnonymousAuthenticationFilter  : Set SecurityContextHolder to anonymous SecurityContext
2026-05-12T23:21:55.618+07:00 DEBUG 27000 --- [user-management] [           main] o.s.security.web.FilterChainProxy        : Secured POST /api/v1/auth/authenticate
2026-05-12T23:21:55.620+07:00 DEBUG 27000 --- [user-management] [           main] s.w.s.m.m.a.RequestMappingHandlerMapping : Mapped to com.example.management.auth.AuthController#authenticate(AuthRequest)
2026-05-12T23:21:55.620+07:00 DEBUG 27000 --- [user-management] [           main] m.m.a.RequestResponseBodyMethodProcessor : Read "application/json;charset=UTF-8" to [AuthRequest[username=alice@mail.co, password=pass]]
Authenticating user: alice@mail.co
2026-05-12T23:21:55.620+07:00  WARN 27000 --- [user-management] [           main] c.example.management.auth.AuthService    : Authenticating user: alice@mail.co
2026-05-12T23:21:55.620+07:00 DEBUG 27000 --- [user-management] [           main] o.s.jdbc.core.JdbcTemplate               : Executing prepared SQL query
2026-05-12T23:21:55.620+07:00 DEBUG 27000 --- [user-management] [           main] o.s.jdbc.core.JdbcTemplate               : Executing prepared SQL statement [SELECT * FROM USER_TABLE WHERE USERNAME = ?]
2026-05-12T23:21:55.620+07:00 DEBUG 27000 --- [user-management] [           main] o.s.jdbc.datasource.DataSourceUtils      : Fetching JDBC Connection from DataSource
2026-05-12T23:21:55.775+07:00 DEBUG 27000 --- [user-management] [           main] o.s.s.a.dao.DaoAuthenticationProvider    : Authenticated user
2026-05-12T23:21:55.776+07:00 DEBUG 27000 --- [user-management] [           main] o.s.jdbc.core.JdbcTemplate               : Executing prepared SQL query
2026-05-12T23:21:55.778+07:00 DEBUG 27000 --- [user-management] [           main] o.s.jdbc.core.JdbcTemplate               : Executing prepared SQL statement [SELECT * FROM USER_TABLE WHERE USERNAME = ?]
2026-05-12T23:21:55.778+07:00 DEBUG 27000 --- [user-management] [           main] o.s.jdbc.datasource.DataSourceUtils      : Fetching JDBC Connection from DataSource
2026-05-12T23:21:55.780+07:00 DEBUG 27000 --- [user-management] [           main] o.s.jdbc.core.JdbcTemplate               : Executing prepared SQL update
2026-05-12T23:21:55.782+07:00 DEBUG 27000 --- [user-management] [           main] o.s.jdbc.core.JdbcTemplate               : Executing prepared SQL statement [INSERT INTO TOKEN_TABLE (USER_ID, TOKEN, IS_LOGGED_OUT) values ( ?, ?, ? )]
2026-05-12T23:21:55.782+07:00 DEBUG 27000 --- [user-management] [           main] o.s.jdbc.datasource.DataSourceUtils      : Fetching JDBC Connection from DataSource
2026-05-12T23:21:55.784+07:00  WARN 27000 --- [user-management] [           main] c.example.management.auth.AuthService    : User authenticated: Alice
2026-05-12T23:21:55.784+07:00 DEBUG 27000 --- [user-management] [           main] o.s.w.s.m.m.a.HttpEntityMethodProcessor  : Using 'application/json', given [*/*] and supported [application/json, application/*+json]
2026-05-12T23:21:55.784+07:00 DEBUG 27000 --- [user-management] [           main] o.s.w.s.m.m.a.HttpEntityMethodProcessor  : Writing [AuthResponse[user=UserDTO[name=Alice, username=alice@mail.co, authorities=[ROLE_ADMIN]], token=eyJhb (truncated)...]
eyJhbGciOiJIUzI1NiJ9.eyJzdWIiOiJhbGljZUBtYWlsLmNvIiwiaWF0IjoxNzc4NjAyOTE1LCJleHAiOjE3Nzg2ODkzMTV9.WcPhlbwZuP7tn-dyp2z3EcX3T4QE7JeH3bQSnSqcIwA
2026-05-12T23:21:55.795+07:00 DEBUG 27000 --- [user-management] [           main] o.s.security.web.FilterChainProxy        : Securing DELETE /delete/bob@mail.co
2026-05-12T23:21:55.940+07:00 DEBUG 27000 --- [user-management] [           main] o.s.jdbc.core.JdbcTemplate               : Executing prepared SQL query
2026-05-12T23:21:55.940+07:00 DEBUG 27000 --- [user-management] [           main] o.s.jdbc.core.JdbcTemplate               : Executing prepared SQL statement [SELECT * FROM USER_TABLE WHERE USERNAME = ?]
2026-05-12T23:21:55.940+07:00 DEBUG 27000 --- [user-management] [           main] o.s.jdbc.datasource.DataSourceUtils      : Fetching JDBC Connection from DataSource
2026-05-12T23:21:55.940+07:00 DEBUG 27000 --- [user-management] [           main] o.s.jdbc.core.JdbcTemplate               : Executing prepared SQL query
2026-05-12T23:21:55.940+07:00 DEBUG 27000 --- [user-management] [           main] o.s.jdbc.core.JdbcTemplate               : Executing prepared SQL statement [    SELECT *
    FROM TOKEN_TABLE T
    INNER JOIN USER_TABLE U
    ON T.USER_ID = U.ID
    WHERE T.TOKEN = ?
]
2026-05-12T23:21:55.940+07:00 DEBUG 27000 --- [user-management] [           main] o.s.jdbc.datasource.DataSourceUtils      : Fetching JDBC Connection from DataSource
2026-05-12T23:21:55.954+07:00 DEBUG 27000 --- [user-management] [           main] o.s.security.web.FilterChainProxy        : Secured DELETE /delete/bob@mail.co
2026-05-12T23:21:55.963+07:00 DEBUG 27000 --- [user-management] [           main] s.w.s.m.m.a.RequestMappingHandlerMapping : Mapped to com.example.management.app.AppController#delete(String)
2026-05-12T23:21:55.963+07:00 DEBUG 27000 --- [user-management] [           main] o.s.jdbc.core.JdbcTemplate               : Executing prepared SQL update
2026-05-12T23:21:55.963+07:00 DEBUG 27000 --- [user-management] [           main] o.s.jdbc.core.JdbcTemplate               : Executing prepared SQL statement [DELETE FROM USER_TABLE WHERE USERNAME = ?]
2026-05-12T23:21:55.963+07:00 DEBUG 27000 --- [user-management] [           main] o.s.jdbc.datasource.DataSourceUtils      : Fetching JDBC Connection from DataSource
2026-05-12T23:21:55.969+07:00 DEBUG 27000 --- [user-management] [           main] o.s.w.s.m.m.a.HttpEntityMethodProcessor  : Using 'text/plain', given [*/*] and supported [text/plain, */*, application/json, application/*+json]
2026-05-12T23:21:55.971+07:00 DEBUG 27000 --- [user-management] [           main] o.s.w.s.m.m.a.HttpEntityMethodProcessor  : Writing ["Deleted"]
2026-05-12T23:21:56.039+07:00 DEBUG 27000 --- [user-management] [           main] o.s.security.web.FilterChainProxy        : Securing DELETE /delete/bob@mail.co
2026-05-12T23:21:56.041+07:00 DEBUG 27000 --- [user-management] [           main] o.s.jdbc.core.JdbcTemplate               : Executing prepared SQL query
2026-05-12T23:21:56.041+07:00 DEBUG 27000 --- [user-management] [           main] o.s.jdbc.core.JdbcTemplate               : Executing prepared SQL statement [SELECT * FROM USER_TABLE WHERE USERNAME = ?]
2026-05-12T23:21:56.041+07:00 DEBUG 27000 --- [user-management] [           main] o.s.jdbc.datasource.DataSourceUtils      : Fetching JDBC Connection from DataSource
2026-05-12T23:21:56.043+07:00 DEBUG 27000 --- [user-management] [           main] o.s.jdbc.core.JdbcTemplate               : Executing prepared SQL query
2026-05-12T23:21:56.043+07:00 DEBUG 27000 --- [user-management] [           main] o.s.jdbc.core.JdbcTemplate               : Executing prepared SQL statement [    SELECT *
    FROM TOKEN_TABLE T
    INNER JOIN USER_TABLE U
    ON T.USER_ID = U.ID
    WHERE T.TOKEN = ?
]
2026-05-12T23:21:56.043+07:00 DEBUG 27000 --- [user-management] [           main] o.s.jdbc.datasource.DataSourceUtils      : Fetching JDBC Connection from DataSource
2026-05-12T23:21:56.055+07:00 DEBUG 27000 --- [user-management] [           main] o.s.security.web.FilterChainProxy        : Secured DELETE /delete/bob@mail.co
2026-05-12T23:21:56.055+07:00 DEBUG 27000 --- [user-management] [           main] s.w.s.m.m.a.RequestMappingHandlerMapping : Mapped to com.example.management.app.AppController#delete(String)
2026-05-12T23:21:56.055+07:00 DEBUG 27000 --- [user-management] [           main] o.s.jdbc.core.JdbcTemplate               : Executing prepared SQL update
2026-05-12T23:21:56.055+07:00 DEBUG 27000 --- [user-management] [           main] o.s.jdbc.core.JdbcTemplate               : Executing prepared SQL statement [DELETE FROM USER_TABLE WHERE USERNAME = ?]
2026-05-12T23:21:56.055+07:00 DEBUG 27000 --- [user-management] [           main] o.s.jdbc.datasource.DataSourceUtils      : Fetching JDBC Connection from DataSource
2026-05-12T23:21:56.061+07:00 DEBUG 27000 --- [user-management] [           main] o.s.w.s.m.m.a.HttpEntityMethodProcessor  : Using 'text/plain', given [*/*] and supported [text/plain, */*, application/json, application/*+json]
2026-05-12T23:21:56.061+07:00 DEBUG 27000 --- [user-management] [           main] o.s.w.s.m.m.a.HttpEntityMethodProcessor  : Writing ["Not Found"]
]]></system-out>
  </testcase>
  <testcase name="captialEmail" classname="com.example.management.AuthenticationTest" time="0.375">
    <system-out><![CDATA[2026-05-12T23:21:56.087+07:00 DEBUG 27000 --- [user-management] [           main] o.s.security.web.FilterChainProxy        : Securing POST /api/v1/auth/register
2026-05-12T23:21:56.087+07:00 DEBUG 27000 --- [user-management] [           main] o.s.s.w.a.AnonymousAuthenticationFilter  : Set SecurityContextHolder to anonymous SecurityContext
2026-05-12T23:21:56.089+07:00 DEBUG 27000 --- [user-management] [           main] o.s.security.web.FilterChainProxy        : Secured POST /api/v1/auth/register
2026-05-12T23:21:56.089+07:00 DEBUG 27000 --- [user-management] [           main] s.w.s.m.m.a.RequestMappingHandlerMapping : Mapped to com.example.management.auth.AuthController#register(RegisterRequest)
2026-05-12T23:21:56.093+07:00 DEBUG 27000 --- [user-management] [           main] m.m.a.RequestResponseBodyMethodProcessor : Read "application/json;charset=UTF-8" to [RegisterRequest[name=Hello, username=test@git.git, password=TESTtest]]
2026-05-12T23:21:56.094+07:00 DEBUG 27000 --- [user-management] [           main] o.s.jdbc.core.JdbcTemplate               : Executing prepared SQL query
2026-05-12T23:21:56.094+07:00 DEBUG 27000 --- [user-management] [           main] o.s.jdbc.core.JdbcTemplate               : Executing prepared SQL statement [SELECT * FROM USER_TABLE WHERE USERNAME = ?]
2026-05-12T23:21:56.094+07:00 DEBUG 27000 --- [user-management] [           main] o.s.jdbc.datasource.DataSourceUtils      : Fetching JDBC Connection from DataSource
2026-05-12T23:21:56.266+07:00 DEBUG 27000 --- [user-management] [           main] o.s.jdbc.core.JdbcTemplate               : Executing SQL update and returning generated keys
2026-05-12T23:21:56.266+07:00 DEBUG 27000 --- [user-management] [           main] o.s.jdbc.core.JdbcTemplate               : Executing prepared SQL statement
2026-05-12T23:21:56.266+07:00 DEBUG 27000 --- [user-management] [           main] o.s.jdbc.datasource.DataSourceUtils      : Fetching JDBC Connection from DataSource
2026-05-12T23:21:56.269+07:00 DEBUG 27000 --- [user-management] [           main] o.s.jdbc.core.JdbcTemplate               : Executing prepared SQL update
2026-05-12T23:21:56.269+07:00 DEBUG 27000 --- [user-management] [           main] o.s.jdbc.core.JdbcTemplate               : Executing prepared SQL statement [INSERT INTO TOKEN_TABLE (USER_ID, TOKEN, IS_LOGGED_OUT) values ( ?, ?, ? )]
2026-05-12T23:21:56.269+07:00 DEBUG 27000 --- [user-management] [           main] o.s.jdbc.datasource.DataSourceUtils      : Fetching JDBC Connection from DataSource
2026-05-12T23:21:56.269+07:00  INFO 27000 --- [user-management] [           main] c.example.management.auth.AuthService    : User registered: Hello
2026-05-12T23:21:56.269+07:00 DEBUG 27000 --- [user-management] [           main] o.s.w.s.m.m.a.HttpEntityMethodProcessor  : Using 'application/json', given [*/*] and supported [application/json, application/*+json]
2026-05-12T23:21:56.272+07:00 DEBUG 27000 --- [user-management] [           main] o.s.w.s.m.m.a.HttpEntityMethodProcessor  : Writing [AuthResponse[user=UserDTO[name=Hello, username=test@git.git, authorities=[ROLE_USER]], token=eyJhbGc (truncated)...]
2026-05-12T23:21:56.272+07:00 DEBUG 27000 --- [user-management] [           main] o.s.security.web.FilterChainProxy        : Securing POST /api/v1/auth/authenticate
2026-05-12T23:21:56.272+07:00 DEBUG 27000 --- [user-management] [           main] o.s.s.w.a.AnonymousAuthenticationFilter  : Set SecurityContextHolder to anonymous SecurityContext
2026-05-12T23:21:56.272+07:00 DEBUG 27000 --- [user-management] [           main] o.s.security.web.FilterChainProxy        : Secured POST /api/v1/auth/authenticate
2026-05-12T23:21:56.280+07:00 DEBUG 27000 --- [user-management] [           main] s.w.s.m.m.a.RequestMappingHandlerMapping : Mapped to com.example.management.auth.AuthController#authenticate(AuthRequest)
2026-05-12T23:21:56.280+07:00 DEBUG 27000 --- [user-management] [           main] m.m.a.RequestResponseBodyMethodProcessor : Read "application/json;charset=UTF-8" to [AuthRequest[username=test@git.git, password=TESTtest]]
Authenticating user: test@git.git
2026-05-12T23:21:56.280+07:00  WARN 27000 --- [user-management] [           main] c.example.management.auth.AuthService    : Authenticating user: test@git.git
2026-05-12T23:21:56.280+07:00 DEBUG 27000 --- [user-management] [           main] o.s.jdbc.core.JdbcTemplate               : Executing prepared SQL query
2026-05-12T23:21:56.280+07:00 DEBUG 27000 --- [user-management] [           main] o.s.jdbc.core.JdbcTemplate               : Executing prepared SQL statement [SELECT * FROM USER_TABLE WHERE USERNAME = ?]
2026-05-12T23:21:56.280+07:00 DEBUG 27000 --- [user-management] [           main] o.s.jdbc.datasource.DataSourceUtils      : Fetching JDBC Connection from DataSource
2026-05-12T23:21:56.434+07:00 DEBUG 27000 --- [user-management] [           main] o.s.s.a.dao.DaoAuthenticationProvider    : Authenticated user
2026-05-12T23:21:56.434+07:00 DEBUG 27000 --- [user-management] [           main] o.s.jdbc.core.JdbcTemplate               : Executing prepared SQL query
2026-05-12T23:21:56.434+07:00 DEBUG 27000 --- [user-management] [           main] o.s.jdbc.core.JdbcTemplate               : Executing prepared SQL statement [SELECT * FROM USER_TABLE WHERE USERNAME = ?]
2026-05-12T23:21:56.434+07:00 DEBUG 27000 --- [user-management] [           main] o.s.jdbc.datasource.DataSourceUtils      : Fetching JDBC Connection from DataSource
2026-05-12T23:21:56.434+07:00 DEBUG 27000 --- [user-management] [           main] o.s.jdbc.core.JdbcTemplate               : Executing prepared SQL update
2026-05-12T23:21:56.434+07:00 DEBUG 27000 --- [user-management] [           main] o.s.jdbc.core.JdbcTemplate               : Executing prepared SQL statement [INSERT INTO TOKEN_TABLE (USER_ID, TOKEN, IS_LOGGED_OUT) values ( ?, ?, ? )]
2026-05-12T23:21:56.434+07:00 DEBUG 27000 --- [user-management] [           main] o.s.jdbc.datasource.DataSourceUtils      : Fetching JDBC Connection from DataSource
2026-05-12T23:21:56.442+07:00  WARN 27000 --- [user-management] [           main] c.example.management.auth.AuthService    : User authenticated: Hello
2026-05-12T23:21:56.442+07:00 DEBUG 27000 --- [user-management] [           main] o.s.w.s.m.m.a.HttpEntityMethodProcessor  : Using 'application/json', given [*/*] and supported [application/json, application/*+json]
2026-05-12T23:21:56.442+07:00 DEBUG 27000 --- [user-management] [           main] o.s.w.s.m.m.a.HttpEntityMethodProcessor  : Writing [AuthResponse[user=UserDTO[name=Hello, username=test@git.git, authorities=[ROLE_USER]], token=eyJhbGc (truncated)...]
]]></system-out>
  </testcase>
  <testcase name="registerEmptyFields" classname="com.example.management.AuthenticationTest" time="0.03">
    <system-out><![CDATA[2026-05-12T23:21:56.458+07:00 DEBUG 27000 --- [user-management] [           main] o.s.security.web.FilterChainProxy        : Securing POST /api/v1/auth/register
2026-05-12T23:21:56.458+07:00 DEBUG 27000 --- [user-management] [           main] o.s.s.w.a.AnonymousAuthenticationFilter  : Set SecurityContextHolder to anonymous SecurityContext
2026-05-12T23:21:56.458+07:00 DEBUG 27000 --- [user-management] [           main] o.s.security.web.FilterChainProxy        : Secured POST /api/v1/auth/register
2026-05-12T23:21:56.458+07:00 DEBUG 27000 --- [user-management] [           main] s.w.s.m.m.a.RequestMappingHandlerMapping : Mapped to com.example.management.auth.AuthController#register(RegisterRequest)
2026-05-12T23:21:56.458+07:00 DEBUG 27000 --- [user-management] [           main] m.m.a.RequestResponseBodyMethodProcessor : Read "application/json;charset=UTF-8" to [RegisterRequest[name=, username=, password=]]
2026-05-12T23:21:56.468+07:00 DEBUG 27000 --- [user-management] [           main] .m.m.a.ExceptionHandlerExceptionResolver : Using @ExceptionHandler com.example.management.exceptions.ExceptionHandlerController#handleValidationExceptions(MethodArgumentNotValidException)
2026-05-12T23:21:56.470+07:00 DEBUG 27000 --- [user-management] [           main] o.s.w.s.m.m.a.HttpEntityMethodProcessor  : Using 'text/plain', given [*/*] and supported [text/plain, */*, application/json, application/*+json]
2026-05-12T23:21:56.470+07:00 DEBUG 27000 --- [user-management] [           main] o.s.w.s.m.m.a.HttpEntityMethodProcessor  : Writing ["Invalid password length<EOL> Empty email<EOL> Empty name<EOL> Password can't include spaces<EOL> Empty password"]
2026-05-12T23:21:56.472+07:00 DEBUG 27000 --- [user-management] [           main] .m.m.a.ExceptionHandlerExceptionResolver : Resolved [org.springframework.web.bind.MethodArgumentNotValidException: Validation failed for argument [0] in public org.springframework.http.ResponseEntity<com.example.management.auth.AuthResponse> com.example.management.auth.AuthController.register(com.example.management.auth.RegisterRequest) with 5 errors: [Field error in object 'registerRequest' on field 'password': rejected value []; codes [Size.registerRequest.password,Size.password,Size.java.lang.String,Size]; arguments [org.springframework.context.support.DefaultMessageSourceResolvable: codes [registerRequest.password,password]; arguments []; default message [password],50,8]; default message [Invalid password length]] [Field error in object 'registerRequest' on field 'username': rejected value []; codes [NotBlank.registerRequest.username,NotBlank.username,NotBlank.java.lang.String,NotBlank]; arguments [org.springframework.context.support.DefaultMessageSourceResolvable: codes [registerRequest.username,username]; arguments []; default message [username]]; default message [Empty email]] [Field error in object 'registerRequest' on field 'name': rejected value []; codes [NotBlank.registerRequest.name,NotBlank.name,NotBlank.java.lang.String,NotBlank]; arguments [org.springframework.context.support.DefaultMessageSourceResolvable: codes [registerRequest.name,name]; arguments []; default message [name]]; default message [Empty name]] [Field error in object 'registerRequest' on field 'password': rejected value []; codes [Pattern.registerRequest.password,Pattern.password,Pattern.java.lang.String,Pattern]; arguments [org.springframework.context.support.DefaultMessageSourceResolvable: codes [registerRequest.password,password]; arguments []; default message [password],[Ljakarta.validation.constraints.Pattern$Flag;@1756a471,^\s*\S+\s*$]; default message [Password can't include spaces]] [Field error in object 'registerRequest' on field 'password': rejected value []; codes [NotBlank.registerRequest.password,NotBlank.password,NotBlank.java.lang.String,NotBlank]; arguments [org.springframework.context.support.DefaultMessageSourceResolvable: codes [registerRequest.password,password]; arguments []; default message [password]]; default message [Empty password]] ]
]]></system-out>
  </testcase>
  <testcase name="registerShortPassword" classname="com.example.management.AuthenticationTest" time="0.026">
    <system-out><![CDATA[2026-05-12T23:21:56.491+07:00 DEBUG 27000 --- [user-management] [           main] o.s.security.web.FilterChainProxy        : Securing POST /api/v1/auth/register
2026-05-12T23:21:56.492+07:00 DEBUG 27000 --- [user-management] [           main] o.s.s.w.a.AnonymousAuthenticationFilter  : Set SecurityContextHolder to anonymous SecurityContext
2026-05-12T23:21:56.492+07:00 DEBUG 27000 --- [user-management] [           main] o.s.security.web.FilterChainProxy        : Secured POST /api/v1/auth/register
2026-05-12T23:21:56.492+07:00 DEBUG 27000 --- [user-management] [           main] s.w.s.m.m.a.RequestMappingHandlerMapping : Mapped to com.example.management.auth.AuthController#register(RegisterRequest)
2026-05-12T23:21:56.492+07:00 DEBUG 27000 --- [user-management] [           main] m.m.a.RequestResponseBodyMethodProcessor : Read "application/json;charset=UTF-8" to [RegisterRequest[name=new user, username=john.doe@mail.co, password=pass]]
2026-05-12T23:21:56.496+07:00 DEBUG 27000 --- [user-management] [           main] .m.m.a.ExceptionHandlerExceptionResolver : Using @ExceptionHandler com.example.management.exceptions.ExceptionHandlerController#handleValidationExceptions(MethodArgumentNotValidException)
2026-05-12T23:21:56.496+07:00 DEBUG 27000 --- [user-management] [           main] o.s.w.s.m.m.a.HttpEntityMethodProcessor  : Using 'text/plain', given [*/*] and supported [text/plain, */*, application/json, application/*+json]
2026-05-12T23:21:56.496+07:00 DEBUG 27000 --- [user-management] [           main] o.s.w.s.m.m.a.HttpEntityMethodProcessor  : Writing ["Invalid password length"]
2026-05-12T23:21:56.500+07:00 DEBUG 27000 --- [user-management] [           main] .m.m.a.ExceptionHandlerExceptionResolver : Resolved [org.springframework.web.bind.MethodArgumentNotValidException: Validation failed for argument [0] in public org.springframework.http.ResponseEntity<com.example.management.auth.AuthResponse> com.example.management.auth.AuthController.register(com.example.management.auth.RegisterRequest): [Field error in object 'registerRequest' on field 'password': rejected value [pass]; codes [Size.registerRequest.password,Size.password,Size.java.lang.String,Size]; arguments [org.springframework.context.support.DefaultMessageSourceResolvable: codes [registerRequest.password,password]; arguments []; default message [password],50,8]; default message [Invalid password length]] ]
]]></system-out>
  </testcase>
  <testcase name="testFormAuthentication" classname="com.example.management.AuthenticationTest" time="0.211">
    <system-out><![CDATA[2026-05-12T23:21:56.519+07:00 DEBUG 27000 --- [user-management] [           main] o.s.security.web.FilterChainProxy        : Securing POST /login
2026-05-12T23:21:56.524+07:00 DEBUG 27000 --- [user-management] [           main] o.s.jdbc.core.JdbcTemplate               : Executing prepared SQL query
2026-05-12T23:21:56.524+07:00 DEBUG 27000 --- [user-management] [           main] o.s.jdbc.core.JdbcTemplate               : Executing prepared SQL statement [SELECT * FROM USER_TABLE WHERE USERNAME = ?]
2026-05-12T23:21:56.524+07:00 DEBUG 27000 --- [user-management] [           main] o.s.jdbc.datasource.DataSourceUtils      : Fetching JDBC Connection from DataSource
2026-05-12T23:21:56.712+07:00 DEBUG 27000 --- [user-management] [           main] o.s.s.a.dao.DaoAuthenticationProvider    : Authenticated user
2026-05-12T23:21:56.712+07:00 DEBUG 27000 --- [user-management] [           main] o.s.jdbc.core.JdbcTemplate               : Executing prepared SQL update
2026-05-12T23:21:56.712+07:00 DEBUG 27000 --- [user-management] [           main] o.s.jdbc.core.JdbcTemplate               : Executing prepared SQL statement [INSERT INTO TOKEN_TABLE (USER_ID, TOKEN, IS_LOGGED_OUT) values ( ?, ?, ? )]
2026-05-12T23:21:56.712+07:00 DEBUG 27000 --- [user-management] [           main] o.s.jdbc.datasource.DataSourceUtils      : Fetching JDBC Connection from DataSource
]]></system-out>
  </testcase>
  <testcase name="LoginApiV1_emptyPassword" classname="com.example.management.AuthenticationTest" time="0.024">
    <system-out><![CDATA[2026-05-12T23:21:56.738+07:00 DEBUG 27000 --- [user-management] [           main] o.s.security.web.FilterChainProxy        : Securing POST /api/v1/auth/authenticate
2026-05-12T23:21:56.738+07:00 DEBUG 27000 --- [user-management] [           main] o.s.s.w.a.AnonymousAuthenticationFilter  : Set SecurityContextHolder to anonymous SecurityContext
2026-05-12T23:21:56.738+07:00 DEBUG 27000 --- [user-management] [           main] o.s.security.web.FilterChainProxy        : Secured POST /api/v1/auth/authenticate
2026-05-12T23:21:56.738+07:00 DEBUG 27000 --- [user-management] [           main] s.w.s.m.m.a.RequestMappingHandlerMapping : Mapped to com.example.management.auth.AuthController#authenticate(AuthRequest)
2026-05-12T23:21:56.746+07:00 DEBUG 27000 --- [user-management] [           main] m.m.a.RequestResponseBodyMethodProcessor : Read "application/json;charset=UTF-8" to [AuthRequest[username=john.doe@mail.co, password=]]
2026-05-12T23:21:56.746+07:00 DEBUG 27000 --- [user-management] [           main] .m.m.a.ExceptionHandlerExceptionResolver : Using @ExceptionHandler com.example.management.exceptions.ExceptionHandlerController#handleValidationExceptions(MethodArgumentNotValidException)
2026-05-12T23:21:56.746+07:00 DEBUG 27000 --- [user-management] [           main] o.s.w.s.m.m.a.HttpEntityMethodProcessor  : Using 'text/plain', given [*/*] and supported [text/plain, */*, application/json, application/*+json]
2026-05-12T23:21:56.746+07:00 DEBUG 27000 --- [user-management] [           main] o.s.w.s.m.m.a.HttpEntityMethodProcessor  : Writing ["Empty Password"]
2026-05-12T23:21:56.746+07:00 DEBUG 27000 --- [user-management] [           main] .m.m.a.ExceptionHandlerExceptionResolver : Resolved [org.springframework.web.bind.MethodArgumentNotValidException: Validation failed for argument [0] in public org.springframework.http.ResponseEntity<com.example.management.auth.AuthResponse> com.example.management.auth.AuthController.authenticate(com.example.management.auth.AuthRequest): [Field error in object 'authRequest' on field 'password': rejected value []; codes [NotBlank.authRequest.password,NotBlank.password,NotBlank.java.lang.String,NotBlank]; arguments [org.springframework.context.support.DefaultMessageSourceResolvable: codes [authRequest.password,password]; arguments []; default message [password]]; default message [Empty Password]] ]
]]></system-out>
  </testcase>
</testsuite>