<?xml version="1.0" encoding="UTF-8"?>
<testsuite xmlns:xsi="http://www.w3.org/2001/XMLSchema-instance" xsi:noNamespaceSchemaLocation="https://maven.apache.org/surefire/maven-surefire-plugin/xsd/surefire-test-report.xsd" version="3.0.2" name="com.example.management.api.ExampleAuthApiTest" time="16.882" tests="1" errors="0" skipped="0" failures="0">
  <properties>
[...]
</properties>
  <testcase name="givenNewUser_whenRegisterAndAuthenticate_thenReturnsJwtToken" classname="com.example.management.api.ExampleAuthApiTest" time="2.665">
    <system-out><![CDATA[23:22:09.469 [main] INFO org.springframework.test.context.support.AnnotationConfigContextLoaderUtils -- Could not detect default configuration classes for test class [com.example.management.api.ExampleAuthApiTest]: ExampleAuthApiTest does not declare any static, non-private, non-final, nested classes annotated with @Configuration.
23:22:09.904 [main] INFO org.springframework.boot.test.context.SpringBootTestContextBootstrapper -- Found @SpringBootConfiguration com.example.management.Application for test class com.example.management.api.ExampleAuthApiTest
23:22:10.354 [main] INFO org.springframework.boot.devtools.restart.RestartApplicationListener -- Restart disabled due to context in which it is running

  .   ____          _            __ _ _
 /\\ / ___'_ __ _ _(_)_ __  __ _ \ \ \ \
( ( )\___ | '_ | '_| | '_ \/ _` | \ \ \ \
 \\/  ___)| |_)| | | | | || (_| |  ) ) ) )
  '  |____| .__|_| |_|_| |_\__, | / / / /
 =========|_|==============|___/=/_/_/_/

 :: Spring Boot ::                (v3.5.6)

2026-05-12T23:22:11.129+07:00  INFO 8796 --- [user-management-test] [           main] c.e.management.api.ExampleAuthApiTest    : Starting ExampleAuthApiTest using Java 17.0.12 with PID 8796 (started by BumXiu in C:\Users\BumXiu\CursorProjects\BMAD_PROJECT_INTEGRATION\user-mgmt)
2026-05-12T23:22:11.146+07:00  INFO 8796 --- [user-management-test] [           main] c.e.management.api.ExampleAuthApiTest    : The following 1 profile is active: "test"
2026-05-12T23:22:11.196+07:00 DEBUG 8796 --- [user-management-test] [           main] o.s.w.c.s.GenericWebApplicationContext   : Refreshing org.springframework.web.context.support.GenericWebApplicationContext@62315f22
2026-05-12T23:22:14.982+07:00 DEBUG 8796 --- [user-management-test] [           main] o.s.jdbc.datasource.DataSourceUtils      : Fetching JDBC Connection from DataSource
2026-05-12T23:22:14.997+07:00  INFO 8796 --- [user-management-test] [           main] com.zaxxer.hikari.HikariDataSource       : HikariPool-1 - Starting...
2026-05-12T23:22:15.701+07:00  INFO 8796 --- [user-management-test] [           main] com.zaxxer.hikari.pool.HikariPool        : HikariPool-1 - Added connection conn0: url=jdbc:h2:mem:userdb-test user=SA
2026-05-12T23:22:15.706+07:00  INFO 8796 --- [user-management-test] [           main] com.zaxxer.hikari.HikariDataSource       : HikariPool-1 - Start completed.
2026-05-12T23:22:15.712+07:00 DEBUG 8796 --- [user-management-test] [           main] o.s.jdbc.datasource.init.ScriptUtils     : Executing SQL script from file [C:\Users\BumXiu\CursorProjects\BMAD_PROJECT_INTEGRATION\user-mgmt\target\classes\schema.sql]
2026-05-12T23:22:15.730+07:00 DEBUG 8796 --- [user-management-test] [           main] o.s.jdbc.datasource.init.ScriptUtils     : 0 returned as update count for SQL: DROP TABLE IF EXISTS USER_TABLE, TOKEN_TABLE
2026-05-12T23:22:15.763+07:00 DEBUG 8796 --- [user-management-test] [           main] o.s.jdbc.datasource.init.ScriptUtils     : 0 returned as update count for SQL: CREATE TABLE USER_TABLE( id INT NOT NULL AUTO_INCREMENT, name VARCHAR(100) NOT NULL, username VARCHAR(100) NOT NULL, password VARCHAR(100) NOT NULL, roles VARCHAR NOT NULL, PRIMARY KEY (id) )
2026-05-12T23:22:15.769+07:00 DEBUG 8796 --- [user-management-test] [           main] o.s.jdbc.datasource.init.ScriptUtils     : 0 returned as update count for SQL: CREATE TABLE TOKEN_TABLE( id INT NOT NULL AUTO_INCREMENT, user_id INT NOT NULL, token LONGVARCHAR NOT NULL, is_logged_out BOOLEAN DEFAULT FALSE )
2026-05-12T23:22:15.777+07:00 DEBUG 8796 --- [user-management-test] [           main] o.s.jdbc.datasource.init.ScriptUtils     : 3 returned as update count for SQL: INSERT INTO USER_TABLE (name, username, roles, password) VALUES ('Alice', 'alice@mail.co','ROLE_ADMIN', '$2a$10$Qldj64zlh4eDNm7oGfwmWOkoevSo.Uv1LjXao/Rwsc2jGwjIXKRii'), ('Bob', 'bob@mail.co','ROLE_USER', '$2a$10$Qldj64zlh4eDNm7oGfwmWOkoevSo.Uv1LjXao/Rwsc2jGwjIXKRii'), ('John', 'John.Doe@mail.co','ROLE_USER', '$2a$10$Qldj64zlh4eDNm7oGfwmWOkoevSo.Uv1LjXao/Rwsc2jGwjIXKRii')
2026-05-12T23:22:15.782+07:00 DEBUG 8796 --- [user-management-test] [           main] o.s.jdbc.datasource.init.ScriptUtils     : Executed SQL script from file [C:\Users\BumXiu\CursorProjects\BMAD_PROJECT_INTEGRATION\user-mgmt\target\classes\schema.sql] in 67 ms.
2026-05-12T23:22:16.956+07:00 DEBUG 8796 --- [user-management-test] [           main] .m.m.a.ExceptionHandlerExceptionResolver : ControllerAdvice beans: 1 @ExceptionHandler, 1 ResponseBodyAdvice
2026-05-12T23:22:17.346+07:00  INFO 8796 --- [user-management-test] [           main] eAuthenticationProviderManagerConfigurer : Global AuthenticationManager configured with AuthenticationProvider bean with name authenticationProvider
2026-05-12T23:22:17.346+07:00  WARN 8796 --- [user-management-test] [           main] r$InitializeUserDetailsManagerConfigurer : Global AuthenticationManager configured with an AuthenticationProvider bean. UserDetailsService beans will not be used by Spring Security for automatically configuring username/password login. Consider removing the AuthenticationProvider bean. Alternatively, consider using the UserDetailsService in a manually instantiated DaoAuthenticationProvider. If the current configuration is intentional, to turn off this warning, increase the logging level of 'org.springframework.security.config.annotation.authentication.configuration.InitializeUserDetailsBeanManagerConfigurer' to ERROR
2026-05-12T23:22:17.946+07:00  INFO 8796 --- [user-management-test] [           main] o.s.b.a.w.s.WelcomePageHandlerMapping    : Adding welcome page: class path resource [static/index.html]
2026-05-12T23:22:18.587+07:00 DEBUG 8796 --- [user-management-test] [           main] s.w.s.m.m.a.RequestMappingHandlerMapping : 14 mappings in 'requestMappingHandlerMapping'
2026-05-12T23:22:18.840+07:00 DEBUG 8796 --- [user-management-test] [           main] o.s.w.s.handler.SimpleUrlHandlerMapping  : Patterns [/webjars/**, /**] in 'resourceHandlerMapping'
2026-05-12T23:22:19.831+07:00  WARN 8796 --- [user-management-test] [           main] thorizationManagerRequestMatcherRegistry : One of the patterns in [api/v1/auth/logout, /home] is missing a leading slash. This is discouraged; please include the leading slash in all your request matcher patterns. In future versions of Spring Security, leaving out the leading slash will result in an exception.
2026-05-12T23:22:20.198+07:00 DEBUG 8796 --- [user-management-test] [           main] o.s.s.web.DefaultSecurityFilterChain     : Will secure any request with filters: DisableEncodeUrlFilter, WebAsyncManagerIntegrationFilter, SecurityContextHolderFilter, HeaderWriterFilter, LogoutFilter, JwtAuthFilter, JsonUsernamePasswordAuthFilter, UsernamePasswordAuthenticationFilter, RequestCacheAwareFilter, SecurityContextHolderAwareRequestFilter, AnonymousAuthenticationFilter, SessionManagementFilter, ExceptionTranslationFilter, AuthorizationFilter
2026-05-12T23:22:22.035+07:00 DEBUG 8796 --- [user-management-test] [           main] s.w.s.m.m.a.RequestMappingHandlerAdapter : ControllerAdvice beans: 0 @ModelAttribute, 0 @InitBinder, 1 RequestBodyAdvice, 1 ResponseBodyAdvice
2026-05-12T23:22:22.904+07:00  INFO 8796 --- [user-management-test] [           main] o.s.b.t.m.w.SpringBootMockServletContext : Initializing Spring TestDispatcherServlet ''
2026-05-12T23:22:22.904+07:00  INFO 8796 --- [user-management-test] [           main] o.s.t.web.servlet.TestDispatcherServlet  : Initializing Servlet ''
2026-05-12T23:22:22.907+07:00  INFO 8796 --- [user-management-test] [           main] o.s.t.web.servlet.TestDispatcherServlet  : Completed initialization in 3 ms
2026-05-12T23:22:23.012+07:00  INFO 8796 --- [user-management-test] [           main] c.e.management.api.ExampleAuthApiTest    : Started ExampleAuthApiTest in 12.691 seconds (process running for 16.079)
2026-05-12T23:22:24.744+07:00 DEBUG 8796 --- [user-management-test] [           main] o.s.security.web.FilterChainProxy        : Securing POST /api/v1/auth/register
2026-05-12T23:22:24.754+07:00 DEBUG 8796 --- [user-management-test] [           main] o.s.s.w.a.AnonymousAuthenticationFilter  : Set SecurityContextHolder to anonymous SecurityContext
2026-05-12T23:22:24.754+07:00 DEBUG 8796 --- [user-management-test] [           main] o.s.security.web.FilterChainProxy        : Secured POST /api/v1/auth/register
2026-05-12T23:22:24.762+07:00 DEBUG 8796 --- [user-management-test] [           main] s.w.s.m.m.a.RequestMappingHandlerMapping : Mapped to com.example.management.auth.AuthController#register(RegisterRequest)
2026-05-12T23:22:24.828+07:00 DEBUG 8796 --- [user-management-test] [           main] m.m.a.RequestResponseBodyMethodProcessor : Read "application/json;charset=UTF-8" to [RegisterRequest[name=Test User 9020e3cc, username=user-9020e3cc@test.local, password=Password1]]
2026-05-12T23:22:24.964+07:00 DEBUG 8796 --- [user-management-test] [           main] o.s.jdbc.core.JdbcTemplate               : Executing prepared SQL query
2026-05-12T23:22:24.964+07:00 DEBUG 8796 --- [user-management-test] [           main] o.s.jdbc.core.JdbcTemplate               : Executing prepared SQL statement [SELECT * FROM USER_TABLE WHERE USERNAME = ?]
2026-05-12T23:22:24.964+07:00 DEBUG 8796 --- [user-management-test] [           main] o.s.jdbc.datasource.DataSourceUtils      : Fetching JDBC Connection from DataSource
2026-05-12T23:22:25.144+07:00 DEBUG 8796 --- [user-management-test] [           main] o.s.jdbc.core.JdbcTemplate               : Executing SQL update and returning generated keys
2026-05-12T23:22:25.144+07:00 DEBUG 8796 --- [user-management-test] [           main] o.s.jdbc.core.JdbcTemplate               : Executing prepared SQL statement
2026-05-12T23:22:25.144+07:00 DEBUG 8796 --- [user-management-test] [           main] o.s.jdbc.datasource.DataSourceUtils      : Fetching JDBC Connection from DataSource
2026-05-12T23:22:25.319+07:00 DEBUG 8796 --- [user-management-test] [           main] o.s.jdbc.core.JdbcTemplate               : Executing prepared SQL update
2026-05-12T23:22:25.319+07:00 DEBUG 8796 --- [user-management-test] [           main] o.s.jdbc.core.JdbcTemplate               : Executing prepared SQL statement [INSERT INTO TOKEN_TABLE (USER_ID, TOKEN, IS_LOGGED_OUT) values ( ?, ?, ? )]
2026-05-12T23:22:25.327+07:00 DEBUG 8796 --- [user-management-test] [           main] o.s.jdbc.datasource.DataSourceUtils      : Fetching JDBC Connection from DataSource
2026-05-12T23:22:25.328+07:00  INFO 8796 --- [user-management-test] [           main] c.example.management.auth.AuthService    : User registered: Test User 9020e3cc
2026-05-12T23:22:25.362+07:00 DEBUG 8796 --- [user-management-test] [           main] o.s.w.s.m.m.a.HttpEntityMethodProcessor  : Using 'application/json', given [*/*] and supported [application/json, application/*+json]
2026-05-12T23:22:25.379+07:00 DEBUG 8796 --- [user-management-test] [           main] o.s.w.s.m.m.a.HttpEntityMethodProcessor  : Writing [AuthResponse[user=UserDTO[name=Test User 9020e3cc, username=user-9020e3cc@test.local, authorities=[R (truncated)...]
2026-05-12T23:22:25.494+07:00 DEBUG 8796 --- [user-management-test] [           main] o.s.security.web.FilterChainProxy        : Securing POST /api/v1/auth/authenticate
2026-05-12T23:22:25.495+07:00 DEBUG 8796 --- [user-management-test] [           main] o.s.s.w.a.AnonymousAuthenticationFilter  : Set SecurityContextHolder to anonymous SecurityContext
2026-05-12T23:22:25.495+07:00 DEBUG 8796 --- [user-management-test] [           main] o.s.security.web.FilterChainProxy        : Secured POST /api/v1/auth/authenticate
2026-05-12T23:22:25.495+07:00 DEBUG 8796 --- [user-management-test] [           main] s.w.s.m.m.a.RequestMappingHandlerMapping : Mapped to com.example.management.auth.AuthController#authenticate(AuthRequest)
2026-05-12T23:22:25.495+07:00 DEBUG 8796 --- [user-management-test] [           main] m.m.a.RequestResponseBodyMethodProcessor : Read "application/json;charset=UTF-8" to [AuthRequest[username=user-9020e3cc@test.local, password=Password1]]
Authenticating user: user-9020e3cc@test.local
2026-05-12T23:22:25.495+07:00  WARN 8796 --- [user-management-test] [           main] c.example.management.auth.AuthService    : Authenticating user: user-9020e3cc@test.local
2026-05-12T23:22:25.628+07:00 DEBUG 8796 --- [user-management-test] [           main] o.s.jdbc.core.JdbcTemplate               : Executing prepared SQL query
2026-05-12T23:22:25.628+07:00 DEBUG 8796 --- [user-management-test] [           main] o.s.jdbc.core.JdbcTemplate               : Executing prepared SQL statement [SELECT * FROM USER_TABLE WHERE USERNAME = ?]
2026-05-12T23:22:25.628+07:00 DEBUG 8796 --- [user-management-test] [           main] o.s.jdbc.datasource.DataSourceUtils      : Fetching JDBC Connection from DataSource
2026-05-12T23:22:25.745+07:00 DEBUG 8796 --- [user-management-test] [           main] o.s.s.a.dao.DaoAuthenticationProvider    : Authenticated user
2026-05-12T23:22:25.745+07:00 DEBUG 8796 --- [user-management-test] [           main] o.s.jdbc.core.JdbcTemplate               : Executing prepared SQL query
2026-05-12T23:22:25.745+07:00 DEBUG 8796 --- [user-management-test] [           main] o.s.jdbc.core.JdbcTemplate               : Executing prepared SQL statement [SELECT * FROM USER_TABLE WHERE USERNAME = ?]
2026-05-12T23:22:25.745+07:00 DEBUG 8796 --- [user-management-test] [           main] o.s.jdbc.datasource.DataSourceUtils      : Fetching JDBC Connection from DataSource
2026-05-12T23:22:25.745+07:00 DEBUG 8796 --- [user-management-test] [           main] o.s.jdbc.core.JdbcTemplate               : Executing prepared SQL update
2026-05-12T23:22:25.745+07:00 DEBUG 8796 --- [user-management-test] [           main] o.s.jdbc.core.JdbcTemplate               : Executing prepared SQL statement [INSERT INTO TOKEN_TABLE (USER_ID, TOKEN, IS_LOGGED_OUT) values ( ?, ?, ? )]
2026-05-12T23:22:25.745+07:00 DEBUG 8796 --- [user-management-test] [           main] o.s.jdbc.datasource.DataSourceUtils      : Fetching JDBC Connection from DataSource
2026-05-12T23:22:25.745+07:00  WARN 8796 --- [user-management-test] [           main] c.example.management.auth.AuthService    : User authenticated: Test User 9020e3cc
2026-05-12T23:22:25.745+07:00 DEBUG 8796 --- [user-management-test] [           main] o.s.w.s.m.m.a.HttpEntityMethodProcessor  : Using 'application/json', given [*/*] and supported [application/json, application/*+json]
2026-05-12T23:22:25.745+07:00 DEBUG 8796 --- [user-management-test] [           main] o.s.w.s.m.m.a.HttpEntityMethodProcessor  : Writing [AuthResponse[user=UserDTO[name=Test User 9020e3cc, username=user-9020e3cc@test.local, authorities=[R (truncated)...]
]]></system-out>
  </testcase>
</testsuite>